2025-10-28 09:04:35,896 INFO: \u2705 db.create_all() äÆóπÇµÇ‹ÇµÇΩ
2025-10-28 09:04:36,071 INFO: \u2705 èâä˙AdminÉÜÅ[ÉUÅ[ÇçÏê¨ÇµÇ‹ÇµÇΩ
2025-10-28 09:04:36,171 INFO: [31m[1mWARNING: This is a development server. Do not use it in a production deployment. Use a production WSGI server instead.[0m
 * Running on http://127.0.0.1:5000
2025-10-28 09:04:36,172 INFO: [33mPress CTRL+C to quit[0m
2025-10-28 09:04:36,174 INFO:  * Restarting with stat
2025-10-28 09:04:37,085 INFO: \u2705 db.create_all() äÆóπÇµÇ‹ÇµÇΩ
2025-10-28 09:04:37,093 INFO: \u2139\ufe0f AdminÉÜÅ[ÉUÅ[ÇÕä˘Ç…ë∂ç›ÇµÇƒÇ¢Ç‹Ç∑
2025-10-28 09:04:37,114 WARNING:  * Debugger is active!
2025-10-28 09:04:37,118 INFO:  * Debugger PIN: 811-016-014
2025-10-28 09:05:56,238 INFO: 127.0.0.1 - - [28/Oct/2025 09:05:56] "[33mGET / HTTP/1.1[0m" 404 -
2025-10-28 09:05:56,664 INFO: 127.0.0.1 - - [28/Oct/2025 09:05:56] "[33mGET /favicon.ico HTTP/1.1[0m" 404 -
2025-10-28 09:07:47,680 INFO: 127.0.0.1 - - [28/Oct/2025 09:07:47] "GET /login HTTP/1.1" 200 -
2025-10-28 09:10:33,136 WARNING: ÉçÉOÉCÉìé∏îs
2025-10-28 09:10:33,137 INFO: 127.0.0.1 - - [28/Oct/2025 09:10:33] "POST /login HTTP/1.1" 200 -
2025-10-28 09:10:37,323 INFO: 127.0.0.1 - - [28/Oct/2025 09:10:37] "GET /login HTTP/1.1" 200 -
2025-10-28 09:10:45,750 WARNING: ÉçÉOÉCÉìé∏îs
2025-10-28 09:10:45,751 INFO: 127.0.0.1 - - [28/Oct/2025 09:10:45] "POST /login HTTP/1.1" 200 -
2025-10-28 09:10:48,050 INFO: 127.0.0.1 - - [28/Oct/2025 09:10:48] "GET /login HTTP/1.1" 200 -
2025-10-28 09:10:58,898 INFO: adminÇ™ÉçÉOÉCÉìÇµÇ‹ÇµÇΩ
2025-10-28 09:10:58,901 INFO: 127.0.0.1 - - [28/Oct/2025 09:10:58] "[32mPOST /login HTTP/1.1[0m" 302 -
2025-10-28 09:10:58,910 INFO: ÉÜÅ[ÉUÅ[àÍóóÉyÅ[ÉWÇ…ÉAÉNÉZÉX
2025-10-28 09:10:58,942 INFO: 127.0.0.1 - - [28/Oct/2025 09:10:58] "GET /users HTTP/1.1" 200 -
2025-10-28 09:10:58,963 INFO: 127.0.0.1 - - [28/Oct/2025 09:10:58] "[33mGET /static/uploads/ HTTP/1.1[0m" 404 -
2025-10-28 09:11:27,191 INFO: ÉçÉOÉAÉEÉgÇµÇ‹ÇµÇΩ
2025-10-28 09:11:27,192 INFO: 127.0.0.1 - - [28/Oct/2025 09:11:27] "[32mGET /logout HTTP/1.1[0m" 302 -
2025-10-28 09:11:27,206 INFO: 127.0.0.1 - - [28/Oct/2025 09:11:27] "GET /login HTTP/1.1" 200 -
2025-10-28 09:11:56,863 INFO: adminÇ™ÉçÉOÉCÉìÇµÇ‹ÇµÇΩ
2025-10-28 09:11:56,864 INFO: 127.0.0.1 - - [28/Oct/2025 09:11:56] "[32mPOST /login HTTP/1.1[0m" 302 -
2025-10-28 09:11:56,870 INFO: ÉÜÅ[ÉUÅ[àÍóóÉyÅ[ÉWÇ…ÉAÉNÉZÉX
2025-10-28 09:11:56,871 INFO: 127.0.0.1 - - [28/Oct/2025 09:11:56] "GET /users HTTP/1.1" 200 -
2025-10-28 09:11:56,886 INFO: 127.0.0.1 - - [28/Oct/2025 09:11:56] "[33mGET /static/uploads/ HTTP/1.1[0m" 404 -
2025-10-28 09:12:08,336 INFO: 127.0.0.1 - - [28/Oct/2025 09:12:08] "GET /register HTTP/1.1" 200 -
2025-10-28 09:12:47,837 INFO: êVãKÉÜÅ[ÉUÅ[ìoò^: aaa
2025-10-28 09:12:47,839 INFO: 127.0.0.1 - - [28/Oct/2025 09:12:47] "[32mPOST /register HTTP/1.1[0m" 302 -
2025-10-28 09:12:47,844 INFO: ÉÜÅ[ÉUÅ[àÍóóÉyÅ[ÉWÇ…ÉAÉNÉZÉX
2025-10-28 09:12:47,845 INFO: 127.0.0.1 - - [28/Oct/2025 09:12:47] "GET /users HTTP/1.1" 200 -
2025-10-28 09:12:47,857 INFO: 127.0.0.1 - - [28/Oct/2025 09:12:47] "[33mGET /static/uploads/ HTTP/1.1[0m" 404 -
2025-10-28 09:12:47,930 INFO: 127.0.0.1 - - [28/Oct/2025 09:12:47] "GET /static/uploads/seaside_dog.jpg HTTP/1.1" 200 -
2025-10-30 22:09:12,277 INFO: [31m[1mWARNING: This is a development server. Do not use it in a production deployment. Use a production WSGI server instead.[0m
 * Running on http://127.0.0.1:5000
2025-10-30 22:09:12,279 INFO: [33mPress CTRL+C to quit[0m
2025-10-30 22:09:30,119 INFO: 127.0.0.1 - - [30/Oct/2025 22:09:30] "[33mGET / HTTP/1.1[0m" 404 -
2025-10-30 22:09:31,407 INFO: 127.0.0.1 - - [30/Oct/2025 22:09:31] "[33mGET /favicon.ico HTTP/1.1[0m" 404 -
2025-10-30 22:09:33,665 INFO: 127.0.0.1 - - [30/Oct/2025 22:09:33] "[33mGET / HTTP/1.1[0m" 404 -
2025-10-30 22:09:34,955 INFO: 127.0.0.1 - - [30/Oct/2025 22:09:34] "[33mGET / HTTP/1.1[0m" 404 -
2025-10-30 22:09:58,448 INFO: 127.0.0.1 - - [30/Oct/2025 22:09:58] "GET /login HTTP/1.1" 200 -
2025-10-30 22:10:19,659 INFO: aaaÇ™ÉçÉOÉCÉìÇµÇ‹ÇµÇΩ
2025-10-30 22:10:19,663 INFO: 127.0.0.1 - - [30/Oct/2025 22:10:19] "[32mPOST /login HTTP/1.1[0m" 302 -
2025-10-30 22:10:19,682 INFO: ÉÜÅ[ÉUÅ[àÍóóÉyÅ[ÉWÇ…ÉAÉNÉZÉX
2025-10-30 22:10:19,711 INFO: 127.0.0.1 - - [30/Oct/2025 22:10:19] "GET /users HTTP/1.1" 200 -
2025-10-30 22:10:19,731 INFO: 127.0.0.1 - - [30/Oct/2025 22:10:19] "[33mGET /static/uploads/ HTTP/1.1[0m" 404 -
2025-10-30 22:10:19,854 INFO: 127.0.0.1 - - [30/Oct/2025 22:10:19] "[36mGET /static/uploads/seaside_dog.jpg HTTP/1.1[0m" 304 -
2025-10-30 22:10:34,142 INFO: 127.0.0.1 - - [30/Oct/2025 22:10:34] "GET /register HTTP/1.1" 200 -
2025-10-30 22:10:54,944 INFO: ÉçÉOÉAÉEÉgÇµÇ‹ÇµÇΩ
2025-10-30 22:10:54,945 INFO: 127.0.0.1 - - [30/Oct/2025 22:10:54] "[32mGET /logout HTTP/1.1[0m" 302 -
2025-10-30 22:10:54,967 INFO: 127.0.0.1 - - [30/Oct/2025 22:10:54] "GET /login HTTP/1.1" 200 -
2025-11-04 08:17:37,397 INFO: \u2705 db.create_all() äÆóπÇµÇ‹ÇµÇΩ
2025-11-04 08:17:37,570 INFO: \u2705 èâä˙AdminÉÜÅ[ÉUÅ[ÇçÏê¨ÇµÇ‹ÇµÇΩ
2025-11-04 08:17:37,738 INFO: [31m[1mWARNING: This is a development server. Do not use it in a production deployment. Use a production WSGI server instead.[0m
 * Running on http://127.0.0.1:5000
2025-11-04 08:17:37,738 INFO: [33mPress CTRL+C to quit[0m
2025-11-04 08:17:37,741 INFO:  * Restarting with stat
2025-11-04 08:17:39,129 INFO: \u2705 db.create_all() äÆóπÇµÇ‹ÇµÇΩ
2025-11-04 08:17:39,137 INFO: \u2139\ufe0f AdminÉÜÅ[ÉUÅ[ÇÕä˘Ç…ë∂ç›ÇµÇƒÇ¢Ç‹Ç∑
2025-11-04 08:17:39,160 WARNING:  * Debugger is active!
2025-11-04 08:17:39,165 INFO:  * Debugger PIN: 811-016-014
2025-11-04 08:22:35,181 INFO:  * Detected change in 'C:\\workspace\\myapp\\app.py', reloading
2025-11-04 08:22:35,338 INFO:  * Restarting with stat
2025-11-04 08:22:37,429 INFO: \u2705 db.create_all() äÆóπÇµÇ‹ÇµÇΩ
2025-11-04 08:22:37,451 INFO: \u2139\ufe0f AdminÉÜÅ[ÉUÅ[ÇÕä˘Ç…ë∂ç›ÇµÇƒÇ¢Ç‹Ç∑
2025-11-04 08:22:37,507 WARNING:  * Debugger is active!
2025-11-04 08:22:37,512 INFO:  * Debugger PIN: 811-016-014
2025-11-04 08:23:47,040 INFO: [31m[1mWARNING: This is a development server. Do not use it in a production deployment. Use a production WSGI server instead.[0m
 * Running on http://127.0.0.1:5000
2025-11-04 08:23:47,040 INFO: [33mPress CTRL+C to quit[0m
2025-11-04 08:23:58,724 INFO: É^ÉCÉÄÉâÉCÉìÇï\é¶
2025-11-04 08:23:58,830 INFO: 127.0.0.1 - - [04/Nov/2025 08:23:58] "GET / HTTP/1.1" 200 -
2025-11-04 08:23:59,055 INFO: 127.0.0.1 - - [04/Nov/2025 08:23:59] "[33mGET /favicon.ico HTTP/1.1[0m" 404 -
2025-11-04 08:23:59,577 INFO: É^ÉCÉÄÉâÉCÉìÇï\é¶
2025-11-04 08:23:59,579 INFO: 127.0.0.1 - - [04/Nov/2025 08:23:59] "GET / HTTP/1.1" 200 -
2025-11-04 08:24:01,824 INFO: É^ÉCÉÄÉâÉCÉìÇï\é¶
2025-11-04 08:24:01,826 INFO: 127.0.0.1 - - [04/Nov/2025 08:24:01] "GET / HTTP/1.1" 200 -
2025-11-04 08:24:35,144 INFO: 127.0.0.1 - - [04/Nov/2025 08:24:35] "GET /login HTTP/1.1" 200 -
2025-11-04 08:24:52,731 INFO: adminÇ™ÉçÉOÉCÉìÇµÇ‹ÇµÇΩ
2025-11-04 08:24:52,733 INFO: 127.0.0.1 - - [04/Nov/2025 08:24:52] "[32mPOST /login HTTP/1.1[0m" 302 -
2025-11-04 08:24:52,742 INFO: ÉÜÅ[ÉUÅ[àÍóóÉyÅ[ÉWÇ…ÉAÉNÉZÉX
2025-11-04 08:24:52,761 INFO: 127.0.0.1 - - [04/Nov/2025 08:24:52] "GET /users HTTP/1.1" 200 -
2025-11-04 08:24:52,777 INFO: 127.0.0.1 - - [04/Nov/2025 08:24:52] "[33mGET /static/uploads/ HTTP/1.1[0m" 404 -
2025-11-04 08:25:13,068 INFO: 127.0.0.1 - - [04/Nov/2025 08:25:13] "GET /post HTTP/1.1" 200 -
2025-11-04 08:25:25,699 INFO: êVãKìäçeÇ™çÏê¨Ç≥ÇÍÇ‹ÇµÇΩ (ÉÜÅ[ÉUÅ[ID: 1)
2025-11-04 08:25:25,700 INFO: 127.0.0.1 - - [04/Nov/2025 08:25:25] "[32mPOST /post HTTP/1.1[0m" 302 -
2025-11-04 08:25:25,709 INFO: É^ÉCÉÄÉâÉCÉìÇï\é¶
2025-11-04 08:25:25,714 INFO: 127.0.0.1 - - [04/Nov/2025 08:25:25] "GET / HTTP/1.1" 200 -
2025-11-04 08:25:42,097 INFO: 127.0.0.1 - - [04/Nov/2025 08:25:42] "GET /post HTTP/1.1" 200 -
2025-11-04 08:25:53,907 INFO: êVãKìäçeÇ™çÏê¨Ç≥ÇÍÇ‹ÇµÇΩ (ÉÜÅ[ÉUÅ[ID: 1)
2025-11-04 08:25:53,908 INFO: 127.0.0.1 - - [04/Nov/2025 08:25:53] "[32mPOST /post HTTP/1.1[0m" 302 -
2025-11-04 08:25:53,917 INFO: É^ÉCÉÄÉâÉCÉìÇï\é¶
2025-11-04 08:25:53,919 INFO: 127.0.0.1 - - [04/Nov/2025 08:25:53] "GET / HTTP/1.1" 200 -
2025-11-04 08:26:36,446 INFO: ÉçÉOÉAÉEÉgÇµÇ‹ÇµÇΩ
2025-11-04 08:26:36,447 INFO: 127.0.0.1 - - [04/Nov/2025 08:26:36] "[32mGET /logout HTTP/1.1[0m" 302 -
2025-11-04 08:26:36,458 INFO: 127.0.0.1 - - [04/Nov/2025 08:26:36] "GET /login HTTP/1.1" 200 -
2025-11-04 08:26:39,243 INFO: adminÇ™ÉçÉOÉCÉìÇµÇ‹ÇµÇΩ
2025-11-04 08:26:39,245 INFO: 127.0.0.1 - - [04/Nov/2025 08:26:39] "[32mPOST /login HTTP/1.1[0m" 302 -
2025-11-04 08:26:39,253 INFO: ÉÜÅ[ÉUÅ[àÍóóÉyÅ[ÉWÇ…ÉAÉNÉZÉX
2025-11-04 08:26:39,254 INFO: 127.0.0.1 - - [04/Nov/2025 08:26:39] "GET /users HTTP/1.1" 200 -
2025-11-04 08:26:39,270 INFO: 127.0.0.1 - - [04/Nov/2025 08:26:39] "[33mGET /static/uploads/ HTTP/1.1[0m" 404 -
2025-11-04 08:26:44,356 INFO: 127.0.0.1 - - [04/Nov/2025 08:26:44] "GET /register HTTP/1.1" 200 -
2025-11-04 08:27:25,226 INFO: êVãKÉÜÅ[ÉUÅ[ìoò^: aaa
2025-11-04 08:27:25,228 INFO: 127.0.0.1 - - [04/Nov/2025 08:27:25] "[32mPOST /register HTTP/1.1[0m" 302 -
2025-11-04 08:27:25,450 INFO: êVãKÉÜÅ[ÉUÅ[ìoò^: aaa
2025-11-04 08:27:25,451 INFO: 127.0.0.1 - - [04/Nov/2025 08:27:25] "[32mPOST /register HTTP/1.1[0m" 302 -
2025-11-04 08:27:25,459 INFO: ÉÜÅ[ÉUÅ[àÍóóÉyÅ[ÉWÇ…ÉAÉNÉZÉX
2025-11-04 08:27:25,460 INFO: 127.0.0.1 - - [04/Nov/2025 08:27:25] "GET /users HTTP/1.1" 200 -
2025-11-04 08:27:25,473 INFO: 127.0.0.1 - - [04/Nov/2025 08:27:25] "[33mGET /static/uploads/ HTTP/1.1[0m" 404 -
2025-11-04 08:27:25,597 INFO: 127.0.0.1 - - [04/Nov/2025 08:27:25] "GET /static/uploads/seaside_dog.jpg HTTP/1.1" 200 -
2025-11-04 08:28:02,442 INFO: ÉçÉOÉAÉEÉgÇµÇ‹ÇµÇΩ
2025-11-04 08:28:02,444 INFO: 127.0.0.1 - - [04/Nov/2025 08:28:02] "[32mGET /logout HTTP/1.1[0m" 302 -
2025-11-04 08:28:02,458 INFO: 127.0.0.1 - - [04/Nov/2025 08:28:02] "GET /login HTTP/1.1" 200 -
2025-11-04 08:28:11,466 INFO: aaaÇ™ÉçÉOÉCÉìÇµÇ‹ÇµÇΩ
2025-11-04 08:28:11,468 INFO: 127.0.0.1 - - [04/Nov/2025 08:28:11] "[32mPOST /login HTTP/1.1[0m" 302 -
2025-11-04 08:28:11,476 INFO: ÉÜÅ[ÉUÅ[àÍóóÉyÅ[ÉWÇ…ÉAÉNÉZÉX
2025-11-04 08:28:11,476 INFO: 127.0.0.1 - - [04/Nov/2025 08:28:11] "GET /users HTTP/1.1" 200 -
2025-11-04 08:28:11,488 INFO: 127.0.0.1 - - [04/Nov/2025 08:28:11] "[33mGET /static/uploads/ HTTP/1.1[0m" 404 -
2025-11-04 08:28:11,491 INFO: 127.0.0.1 - - [04/Nov/2025 08:28:11] "[36mGET /static/uploads/seaside_dog.jpg HTTP/1.1[0m" 304 -
2025-11-04 08:28:29,207 INFO: 127.0.0.1 - - [04/Nov/2025 08:28:29] "GET /post HTTP/1.1" 200 -
2025-11-04 08:28:39,259 INFO: êVãKìäçeÇ™çÏê¨Ç≥ÇÍÇ‹ÇµÇΩ (ÉÜÅ[ÉUÅ[ID: 2)
2025-11-04 08:28:39,260 INFO: 127.0.0.1 - - [04/Nov/2025 08:28:39] "[32mPOST /post HTTP/1.1[0m" 302 -
2025-11-04 08:28:39,274 INFO: É^ÉCÉÄÉâÉCÉìÇï\é¶
2025-11-04 08:28:39,278 INFO: 127.0.0.1 - - [04/Nov/2025 08:28:39] "GET / HTTP/1.1" 200 -
2025-11-04 08:38:53,284 INFO: 127.0.0.1 - - [04/Nov/2025 08:38:53] "GET /post HTTP/1.1" 200 -
2025-11-04 08:38:58,182 INFO: É^ÉCÉÄÉâÉCÉìÇï\é¶
2025-11-04 08:38:58,185 INFO: 127.0.0.1 - - [04/Nov/2025 08:38:58] "GET / HTTP/1.1" 200 -
2025-11-07 19:03:15,124 INFO: [31m[1mWARNING: This is a development server. Do not use it in a production deployment. Use a production WSGI server instead.[0m
 * Running on http://127.0.0.1:5000
2025-11-07 19:03:15,125 INFO: [33mPress CTRL+C to quit[0m
2025-11-07 19:03:18,509 INFO: É^ÉCÉÄÉâÉCÉìÇï\é¶
2025-11-07 19:03:18,564 INFO: 127.0.0.1 - - [07/Nov/2025 19:03:18] "GET / HTTP/1.1" 200 -
2025-11-07 19:03:18,806 INFO: 127.0.0.1 - - [07/Nov/2025 19:03:18] "[33mGET /favicon.ico HTTP/1.1[0m" 404 -
2025-11-07 19:03:28,378 INFO: 127.0.0.1 - - [07/Nov/2025 19:03:28] "GET /login HTTP/1.1" 200 -
2025-11-07 19:03:30,128 INFO: aaaÇ™ÉçÉOÉCÉìÇµÇ‹ÇµÇΩ
2025-11-07 19:03:30,132 INFO: 127.0.0.1 - - [07/Nov/2025 19:03:30] "[32mPOST /login HTTP/1.1[0m" 302 -
2025-11-07 19:03:30,145 INFO: ÉÜÅ[ÉUÅ[àÍóóÉyÅ[ÉWÇ…ÉAÉNÉZÉX
2025-11-07 19:03:30,178 INFO: 127.0.0.1 - - [07/Nov/2025 19:03:30] "GET /users HTTP/1.1" 200 -
2025-11-07 19:03:30,205 INFO: 127.0.0.1 - - [07/Nov/2025 19:03:30] "[33mGET /static/uploads/ HTTP/1.1[0m" 404 -
2025-11-07 19:03:30,310 INFO: 127.0.0.1 - - [07/Nov/2025 19:03:30] "[36mGET /static/uploads/seaside_dog.jpg HTTP/1.1[0m" 304 -
2025-11-07 19:08:31,707 INFO: É^ÉCÉÄÉâÉCÉìÇï\é¶
2025-11-07 19:08:31,710 INFO: 127.0.0.1 - - [07/Nov/2025 19:08:31] "GET / HTTP/1.1" 200 -
2025-11-07 21:09:45,159 INFO: [31m[1mWARNING: This is a development server. Do not use it in a production deployment. Use a production WSGI server instead.[0m
 * Running on http://127.0.0.1:5000
2025-11-07 21:09:45,159 INFO: [33mPress CTRL+C to quit[0m
2025-11-07 21:10:31,207 INFO: [31m[1mWARNING: This is a development server. Do not use it in a production deployment. Use a production WSGI server instead.[0m
 * Running on http://127.0.0.1:5000
2025-11-07 21:10:31,207 INFO: [33mPress CTRL+C to quit[0m
2025-11-07 21:12:45,526 INFO: [31m[1mWARNING: This is a development server. Do not use it in a production deployment. Use a production WSGI server instead.[0m
 * Running on http://127.0.0.1:5000
2025-11-07 21:12:45,526 INFO: [33mPress CTRL+C to quit[0m
2025-11-07 21:13:12,101 INFO: É^ÉCÉÄÉâÉCÉìÇï\é¶
2025-11-07 21:13:12,202 INFO: 127.0.0.1 - - [07/Nov/2025 21:13:12] "GET / HTTP/1.1" 200 -
2025-11-07 21:13:16,611 INFO: 127.0.0.1 - - [07/Nov/2025 21:13:16] "GET /post HTTP/1.1" 200 -
2025-11-07 21:13:18,467 INFO: É^ÉCÉÄÉâÉCÉìÇï\é¶
2025-11-07 21:13:18,472 INFO: 127.0.0.1 - - [07/Nov/2025 21:13:18] "GET / HTTP/1.1" 200 -
2025-11-08 10:10:46,281 INFO: [31m[1mWARNING: This is a development server. Do not use it in a production deployment. Use a production WSGI server instead.[0m
 * Running on http://127.0.0.1:5000
2025-11-08 10:10:46,281 INFO: [33mPress CTRL+C to quit[0m
2025-11-08 10:10:55,310 INFO: É^ÉCÉÄÉâÉCÉìÇï\é¶
2025-11-08 10:10:55,352 ERROR: Exception on / [GET]
Traceback (most recent call last):
  File "C:\workspace\myapp\venv\Lib\site-packages\flask\app.py", line 1511, in wsgi_app
    response = self.full_dispatch_request()
  File "C:\workspace\myapp\venv\Lib\site-packages\flask\app.py", line 919, in full_dispatch_request
    rv = self.handle_user_exception(e)
  File "C:\workspace\myapp\venv\Lib\site-packages\flask\app.py", line 917, in full_dispatch_request
    rv = self.dispatch_request()
  File "C:\workspace\myapp\venv\Lib\site-packages\flask\app.py", line 902, in dispatch_request
    return self.ensure_sync(self.view_functions[rule.endpoint])(**view_args)  # type: ignore[no-any-return]
           ~~~~~~~~~~~~~~~~~~~~~~~~~~~~~~~~~~~~~~~~~~~~~~~~~~~~^^^^^^^^^^^^^
  File "C:\workspace\myapp\app.py", line 130, in timeline
    return render_template('timeline.html', posts=posts)
  File "C:\workspace\myapp\venv\Lib\site-packages\flask\templating.py", line 150, in render_template
    return _render(app, template, context)
  File "C:\workspace\myapp\venv\Lib\site-packages\flask\templating.py", line 131, in _render
    rv = template.render(context)
  File "C:\workspace\myapp\venv\Lib\site-packages\jinja2\environment.py", line 1295, in render
    self.environment.handle_exception()
    ~~~~~~~~~~~~~~~~~~~~~~~~~~~~~~~~~^^
  File "C:\workspace\myapp\venv\Lib\site-packages\jinja2\environment.py", line 942, in handle_exception
    raise rewrite_traceback_stack(source=source)
  File "C:\workspace\myapp\templates\timeline.html", line 12, in top-level template code
    <a href="{{ url_for('submit') }}">Ç¢Ç¢ÇÀâèú</a>
    ^^^^^^^^^^^^^^^^^
  File "C:\workspace\myapp\venv\Lib\site-packages\flask\app.py", line 1121, in url_for
    return self.handle_url_build_error(error, endpoint, values)
           ~~~~~~~~~~~~~~~~~~~~~~~~~~~^^^^^^^^^^^^^^^^^^^^^^^^^
  File "C:\workspace\myapp\venv\Lib\site-packages\flask\app.py", line 1110, in url_for
    rv = url_adapter.build(  # type: ignore[union-attr]
        endpoint,
    ...<3 lines>...
        force_external=_external,
    )
  File "C:\workspace\myapp\venv\Lib\site-packages\werkzeug\routing\map.py", line 924, in build
    raise BuildError(endpoint, values, method, self)
werkzeug.routing.exceptions.BuildError: Could not build url for endpoint 'submit'. Did you mean 'static' instead?
2025-11-08 10:10:55,544 INFO: 127.0.0.1 - - [08/Nov/2025 10:10:55] "[35m[1mGET / HTTP/1.1[0m" 500 -
2025-11-08 10:10:58,363 INFO: É^ÉCÉÄÉâÉCÉìÇï\é¶
2025-11-08 10:10:58,363 ERROR: Exception on / [GET]
Traceback (most recent call last):
  File "C:\workspace\myapp\venv\Lib\site-packages\flask\app.py", line 1511, in wsgi_app
    response = self.full_dispatch_request()
  File "C:\workspace\myapp\venv\Lib\site-packages\flask\app.py", line 919, in full_dispatch_request
    rv = self.handle_user_exception(e)
  File "C:\workspace\myapp\venv\Lib\site-packages\flask\app.py", line 917, in full_dispatch_request
    rv = self.dispatch_request()
  File "C:\workspace\myapp\venv\Lib\site-packages\flask\app.py", line 902, in dispatch_request
    return self.ensure_sync(self.view_functions[rule.endpoint])(**view_args)  # type: ignore[no-any-return]
           ~~~~~~~~~~~~~~~~~~~~~~~~~~~~~~~~~~~~~~~~~~~~~~~~~~~~^^^^^^^^^^^^^
  File "C:\workspace\myapp\app.py", line 130, in timeline
    return render_template('timeline.html', posts=posts)
  File "C:\workspace\myapp\venv\Lib\site-packages\flask\templating.py", line 150, in render_template
    return _render(app, template, context)
  File "C:\workspace\myapp\venv\Lib\site-packages\flask\templating.py", line 131, in _render
    rv = template.render(context)
  File "C:\workspace\myapp\venv\Lib\site-packages\jinja2\environment.py", line 1295, in render
    self.environment.handle_exception()
    ~~~~~~~~~~~~~~~~~~~~~~~~~~~~~~~~~^^
  File "C:\workspace\myapp\venv\Lib\site-packages\jinja2\environment.py", line 942, in handle_exception
    raise rewrite_traceback_stack(source=source)
  File "C:\workspace\myapp\templates\timeline.html", line 12, in top-level template code
    <a href="{{ url_for('submit') }}">Ç¢Ç¢ÇÀâèú</a>
    ^^^^^^^^^^^^^^^^^
  File "C:\workspace\myapp\venv\Lib\site-packages\flask\app.py", line 1121, in url_for
    return self.handle_url_build_error(error, endpoint, values)
           ~~~~~~~~~~~~~~~~~~~~~~~~~~~^^^^^^^^^^^^^^^^^^^^^^^^^
  File "C:\workspace\myapp\venv\Lib\site-packages\flask\app.py", line 1110, in url_for
    rv = url_adapter.build(  # type: ignore[union-attr]
        endpoint,
    ...<3 lines>...
        force_external=_external,
    )
  File "C:\workspace\myapp\venv\Lib\site-packages\werkzeug\routing\map.py", line 924, in build
    raise BuildError(endpoint, values, method, self)
werkzeug.routing.exceptions.BuildError: Could not build url for endpoint 'submit'. Did you mean 'static' instead?
2025-11-08 10:10:58,370 INFO: 127.0.0.1 - - [08/Nov/2025 10:10:58] "[35m[1mGET / HTTP/1.1[0m" 500 -
2025-11-08 10:10:59,280 INFO: É^ÉCÉÄÉâÉCÉìÇï\é¶
2025-11-08 10:10:59,281 ERROR: Exception on / [GET]
Traceback (most recent call last):
  File "C:\workspace\myapp\venv\Lib\site-packages\flask\app.py", line 1511, in wsgi_app
    response = self.full_dispatch_request()
  File "C:\workspace\myapp\venv\Lib\site-packages\flask\app.py", line 919, in full_dispatch_request
    rv = self.handle_user_exception(e)
  File "C:\workspace\myapp\venv\Lib\site-packages\flask\app.py", line 917, in full_dispatch_request
    rv = self.dispatch_request()
  File "C:\workspace\myapp\venv\Lib\site-packages\flask\app.py", line 902, in dispatch_request
    return self.ensure_sync(self.view_functions[rule.endpoint])(**view_args)  # type: ignore[no-any-return]
           ~~~~~~~~~~~~~~~~~~~~~~~~~~~~~~~~~~~~~~~~~~~~~~~~~~~~^^^^^^^^^^^^^
  File "C:\workspace\myapp\app.py", line 130, in timeline
    return render_template('timeline.html', posts=posts)
  File "C:\workspace\myapp\venv\Lib\site-packages\flask\templating.py", line 150, in render_template
    return _render(app, template, context)
  File "C:\workspace\myapp\venv\Lib\site-packages\flask\templating.py", line 131, in _render
    rv = template.render(context)
  File "C:\workspace\myapp\venv\Lib\site-packages\jinja2\environment.py", line 1295, in render
    self.environment.handle_exception()
    ~~~~~~~~~~~~~~~~~~~~~~~~~~~~~~~~~^^
  File "C:\workspace\myapp\venv\Lib\site-packages\jinja2\environment.py", line 942, in handle_exception
    raise rewrite_traceback_stack(source=source)
  File "C:\workspace\myapp\templates\timeline.html", line 12, in top-level template code
    <a href="{{ url_for('submit') }}">Ç¢Ç¢ÇÀâèú</a>
    ^^^^^^^^^^^^^^^^^
  File "C:\workspace\myapp\venv\Lib\site-packages\flask\app.py", line 1121, in url_for
    return self.handle_url_build_error(error, endpoint, values)
           ~~~~~~~~~~~~~~~~~~~~~~~~~~~^^^^^^^^^^^^^^^^^^^^^^^^^
  File "C:\workspace\myapp\venv\Lib\site-packages\flask\app.py", line 1110, in url_for
    rv = url_adapter.build(  # type: ignore[union-attr]
        endpoint,
    ...<3 lines>...
        force_external=_external,
    )
  File "C:\workspace\myapp\venv\Lib\site-packages\werkzeug\routing\map.py", line 924, in build
    raise BuildError(endpoint, values, method, self)
werkzeug.routing.exceptions.BuildError: Could not build url for endpoint 'submit'. Did you mean 'static' instead?
2025-11-08 10:10:59,286 INFO: 127.0.0.1 - - [08/Nov/2025 10:10:59] "[35m[1mGET / HTTP/1.1[0m" 500 -
2025-11-08 10:12:59,449 INFO: É^ÉCÉÄÉâÉCÉìÇï\é¶
2025-11-08 10:12:59,449 ERROR: Exception on / [GET]
Traceback (most recent call last):
  File "C:\workspace\myapp\venv\Lib\site-packages\flask\app.py", line 1511, in wsgi_app
    response = self.full_dispatch_request()
  File "C:\workspace\myapp\venv\Lib\site-packages\flask\app.py", line 919, in full_dispatch_request
    rv = self.handle_user_exception(e)
  File "C:\workspace\myapp\venv\Lib\site-packages\flask\app.py", line 917, in full_dispatch_request
    rv = self.dispatch_request()
  File "C:\workspace\myapp\venv\Lib\site-packages\flask\app.py", line 902, in dispatch_request
    return self.ensure_sync(self.view_functions[rule.endpoint])(**view_args)  # type: ignore[no-any-return]
           ~~~~~~~~~~~~~~~~~~~~~~~~~~~~~~~~~~~~~~~~~~~~~~~~~~~~^^^^^^^^^^^^^
  File "C:\workspace\myapp\app.py", line 130, in timeline
    return render_template('timeline.html', posts=posts)
  File "C:\workspace\myapp\venv\Lib\site-packages\flask\templating.py", line 150, in render_template
    return _render(app, template, context)
  File "C:\workspace\myapp\venv\Lib\site-packages\flask\templating.py", line 131, in _render
    rv = template.render(context)
  File "C:\workspace\myapp\venv\Lib\site-packages\jinja2\environment.py", line 1295, in render
    self.environment.handle_exception()
    ~~~~~~~~~~~~~~~~~~~~~~~~~~~~~~~~~^^
  File "C:\workspace\myapp\venv\Lib\site-packages\jinja2\environment.py", line 942, in handle_exception
    raise rewrite_traceback_stack(source=source)
  File "C:\workspace\myapp\templates\timeline.html", line 12, in top-level template code
    <a href="{{ url_for('submit') }}">Ç¢Ç¢ÇÀâèú</a>
    ^^^^^^^^^^^^^^^^^
  File "C:\workspace\myapp\venv\Lib\site-packages\flask\app.py", line 1121, in url_for
    return self.handle_url_build_error(error, endpoint, values)
           ~~~~~~~~~~~~~~~~~~~~~~~~~~~^^^^^^^^^^^^^^^^^^^^^^^^^
  File "C:\workspace\myapp\venv\Lib\site-packages\flask\app.py", line 1110, in url_for
    rv = url_adapter.build(  # type: ignore[union-attr]
        endpoint,
    ...<3 lines>...
        force_external=_external,
    )
  File "C:\workspace\myapp\venv\Lib\site-packages\werkzeug\routing\map.py", line 924, in build
    raise BuildError(endpoint, values, method, self)
werkzeug.routing.exceptions.BuildError: Could not build url for endpoint 'submit'. Did you mean 'static' instead?
2025-11-08 10:12:59,453 INFO: 127.0.0.1 - - [08/Nov/2025 10:12:59] "[35m[1mGET / HTTP/1.1[0m" 500 -
2025-11-08 10:18:54,883 INFO: [31m[1mWARNING: This is a development server. Do not use it in a production deployment. Use a production WSGI server instead.[0m
 * Running on http://127.0.0.1:5000
2025-11-08 10:18:54,883 INFO: [33mPress CTRL+C to quit[0m
2025-11-08 10:19:01,935 INFO: É^ÉCÉÄÉâÉCÉìÇï\é¶
2025-11-08 10:19:01,983 ERROR: Exception on / [GET]
Traceback (most recent call last):
  File "C:\workspace\myapp\venv\Lib\site-packages\flask\app.py", line 1511, in wsgi_app
    response = self.full_dispatch_request()
  File "C:\workspace\myapp\venv\Lib\site-packages\flask\app.py", line 919, in full_dispatch_request
    rv = self.handle_user_exception(e)
  File "C:\workspace\myapp\venv\Lib\site-packages\flask\app.py", line 917, in full_dispatch_request
    rv = self.dispatch_request()
  File "C:\workspace\myapp\venv\Lib\site-packages\flask\app.py", line 902, in dispatch_request
    return self.ensure_sync(self.view_functions[rule.endpoint])(**view_args)  # type: ignore[no-any-return]
           ~~~~~~~~~~~~~~~~~~~~~~~~~~~~~~~~~~~~~~~~~~~~~~~~~~~~^^^^^^^^^^^^^
  File "C:\workspace\myapp\app.py", line 130, in timeline
    return render_template('timeline.html', posts=posts)
  File "C:\workspace\myapp\venv\Lib\site-packages\flask\templating.py", line 150, in render_template
    return _render(app, template, context)
  File "C:\workspace\myapp\venv\Lib\site-packages\flask\templating.py", line 131, in _render
    rv = template.render(context)
  File "C:\workspace\myapp\venv\Lib\site-packages\jinja2\environment.py", line 1295, in render
    self.environment.handle_exception()
    ~~~~~~~~~~~~~~~~~~~~~~~~~~~~~~~~~^^
  File "C:\workspace\myapp\venv\Lib\site-packages\jinja2\environment.py", line 942, in handle_exception
    raise rewrite_traceback_stack(source=source)
  File "C:\workspace\myapp\templates\timeline.html", line 12, in top-level template code
    <a href="{{ url_for('like') }}">Ç¢Ç¢ÇÀâèú</a>
    ^^^^^^^^^^^^^^^^^
  File "C:\workspace\myapp\venv\Lib\site-packages\flask\app.py", line 1121, in url_for
    return self.handle_url_build_error(error, endpoint, values)
           ~~~~~~~~~~~~~~~~~~~~~~~~~~~^^^^^^^^^^^^^^^^^^^^^^^^^
  File "C:\workspace\myapp\venv\Lib\site-packages\flask\app.py", line 1110, in url_for
    rv = url_adapter.build(  # type: ignore[union-attr]
        endpoint,
    ...<3 lines>...
        force_external=_external,
    )
  File "C:\workspace\myapp\venv\Lib\site-packages\werkzeug\routing\map.py", line 924, in build
    raise BuildError(endpoint, values, method, self)
werkzeug.routing.exceptions.BuildError: Could not build url for endpoint 'like'. Did you mean 'toggle_like' instead?
2025-11-08 10:19:01,997 INFO: 127.0.0.1 - - [08/Nov/2025 10:19:01] "[35m[1mGET / HTTP/1.1[0m" 500 -
2025-11-08 10:23:03,857 INFO: [31m[1mWARNING: This is a development server. Do not use it in a production deployment. Use a production WSGI server instead.[0m
 * Running on http://127.0.0.1:5000
2025-11-08 10:23:03,857 INFO: [33mPress CTRL+C to quit[0m
2025-11-08 10:23:16,401 INFO: É^ÉCÉÄÉâÉCÉìÇï\é¶
2025-11-08 10:23:16,440 ERROR: Exception on / [GET]
Traceback (most recent call last):
  File "C:\workspace\myapp\venv\Lib\site-packages\flask\app.py", line 1511, in wsgi_app
    response = self.full_dispatch_request()
  File "C:\workspace\myapp\venv\Lib\site-packages\flask\app.py", line 919, in full_dispatch_request
    rv = self.handle_user_exception(e)
  File "C:\workspace\myapp\venv\Lib\site-packages\flask\app.py", line 917, in full_dispatch_request
    rv = self.dispatch_request()
  File "C:\workspace\myapp\venv\Lib\site-packages\flask\app.py", line 902, in dispatch_request
    return self.ensure_sync(self.view_functions[rule.endpoint])(**view_args)  # type: ignore[no-any-return]
           ~~~~~~~~~~~~~~~~~~~~~~~~~~~~~~~~~~~~~~~~~~~~~~~~~~~~^^^^^^^^^^^^^
  File "C:\workspace\myapp\app.py", line 130, in timeline
    return render_template('timeline.html', posts=posts)
  File "C:\workspace\myapp\venv\Lib\site-packages\flask\templating.py", line 150, in render_template
    return _render(app, template, context)
  File "C:\workspace\myapp\venv\Lib\site-packages\flask\templating.py", line 131, in _render
    rv = template.render(context)
  File "C:\workspace\myapp\venv\Lib\site-packages\jinja2\environment.py", line 1295, in render
    self.environment.handle_exception()
    ~~~~~~~~~~~~~~~~~~~~~~~~~~~~~~~~~^^
  File "C:\workspace\myapp\venv\Lib\site-packages\jinja2\environment.py", line 942, in handle_exception
    raise rewrite_traceback_stack(source=source)
  File "C:\workspace\myapp\templates\timeline.html", line 12, in top-level template code
    <a href="{{ url_for('toggle_like') }}">Ç¢Ç¢ÇÀâèú</a>
    ^^^^^^^^^^^^^^^^^
  File "C:\workspace\myapp\venv\Lib\site-packages\flask\app.py", line 1121, in url_for
    return self.handle_url_build_error(error, endpoint, values)
           ~~~~~~~~~~~~~~~~~~~~~~~~~~~^^^^^^^^^^^^^^^^^^^^^^^^^
  File "C:\workspace\myapp\venv\Lib\site-packages\flask\app.py", line 1110, in url_for
    rv = url_adapter.build(  # type: ignore[union-attr]
        endpoint,
    ...<3 lines>...
        force_external=_external,
    )
  File "C:\workspace\myapp\venv\Lib\site-packages\werkzeug\routing\map.py", line 924, in build
    raise BuildError(endpoint, values, method, self)
werkzeug.routing.exceptions.BuildError: Could not build url for endpoint 'toggle_like'. Did you forget to specify values ['post_id']?
2025-11-08 10:23:16,448 INFO: 127.0.0.1 - - [08/Nov/2025 10:23:16] "[35m[1mGET / HTTP/1.1[0m" 500 -
2025-11-08 10:23:18,918 INFO: É^ÉCÉÄÉâÉCÉìÇï\é¶
2025-11-08 10:23:18,919 ERROR: Exception on / [GET]
Traceback (most recent call last):
  File "C:\workspace\myapp\venv\Lib\site-packages\flask\app.py", line 1511, in wsgi_app
    response = self.full_dispatch_request()
  File "C:\workspace\myapp\venv\Lib\site-packages\flask\app.py", line 919, in full_dispatch_request
    rv = self.handle_user_exception(e)
  File "C:\workspace\myapp\venv\Lib\site-packages\flask\app.py", line 917, in full_dispatch_request
    rv = self.dispatch_request()
  File "C:\workspace\myapp\venv\Lib\site-packages\flask\app.py", line 902, in dispatch_request
    return self.ensure_sync(self.view_functions[rule.endpoint])(**view_args)  # type: ignore[no-any-return]
           ~~~~~~~~~~~~~~~~~~~~~~~~~~~~~~~~~~~~~~~~~~~~~~~~~~~~^^^^^^^^^^^^^
  File "C:\workspace\myapp\app.py", line 130, in timeline
    return render_template('timeline.html', posts=posts)
  File "C:\workspace\myapp\venv\Lib\site-packages\flask\templating.py", line 150, in render_template
    return _render(app, template, context)
  File "C:\workspace\myapp\venv\Lib\site-packages\flask\templating.py", line 131, in _render
    rv = template.render(context)
  File "C:\workspace\myapp\venv\Lib\site-packages\jinja2\environment.py", line 1295, in render
    self.environment.handle_exception()
    ~~~~~~~~~~~~~~~~~~~~~~~~~~~~~~~~~^^
  File "C:\workspace\myapp\venv\Lib\site-packages\jinja2\environment.py", line 942, in handle_exception
    raise rewrite_traceback_stack(source=source)
  File "C:\workspace\myapp\templates\timeline.html", line 12, in top-level template code
    <a href="{{ url_for('toggle_like') }}">Ç¢Ç¢ÇÀâèú</a>
    ^^^^^^^^^^^^^^^^^
  File "C:\workspace\myapp\venv\Lib\site-packages\flask\app.py", line 1121, in url_for
    return self.handle_url_build_error(error, endpoint, values)
           ~~~~~~~~~~~~~~~~~~~~~~~~~~~^^^^^^^^^^^^^^^^^^^^^^^^^
  File "C:\workspace\myapp\venv\Lib\site-packages\flask\app.py", line 1110, in url_for
    rv = url_adapter.build(  # type: ignore[union-attr]
        endpoint,
    ...<3 lines>...
        force_external=_external,
    )
  File "C:\workspace\myapp\venv\Lib\site-packages\werkzeug\routing\map.py", line 924, in build
    raise BuildError(endpoint, values, method, self)
werkzeug.routing.exceptions.BuildError: Could not build url for endpoint 'toggle_like'. Did you forget to specify values ['post_id']?
2025-11-08 10:23:18,925 INFO: 127.0.0.1 - - [08/Nov/2025 10:23:18] "[35m[1mGET / HTTP/1.1[0m" 500 -
2025-11-08 10:23:20,244 INFO: É^ÉCÉÄÉâÉCÉìÇï\é¶
2025-11-08 10:23:20,245 ERROR: Exception on / [GET]
Traceback (most recent call last):
  File "C:\workspace\myapp\venv\Lib\site-packages\flask\app.py", line 1511, in wsgi_app
    response = self.full_dispatch_request()
  File "C:\workspace\myapp\venv\Lib\site-packages\flask\app.py", line 919, in full_dispatch_request
    rv = self.handle_user_exception(e)
  File "C:\workspace\myapp\venv\Lib\site-packages\flask\app.py", line 917, in full_dispatch_request
    rv = self.dispatch_request()
  File "C:\workspace\myapp\venv\Lib\site-packages\flask\app.py", line 902, in dispatch_request
    return self.ensure_sync(self.view_functions[rule.endpoint])(**view_args)  # type: ignore[no-any-return]
           ~~~~~~~~~~~~~~~~~~~~~~~~~~~~~~~~~~~~~~~~~~~~~~~~~~~~^^^^^^^^^^^^^
  File "C:\workspace\myapp\app.py", line 130, in timeline
    return render_template('timeline.html', posts=posts)
  File "C:\workspace\myapp\venv\Lib\site-packages\flask\templating.py", line 150, in render_template
    return _render(app, template, context)
  File "C:\workspace\myapp\venv\Lib\site-packages\flask\templating.py", line 131, in _render
    rv = template.render(context)
  File "C:\workspace\myapp\venv\Lib\site-packages\jinja2\environment.py", line 1295, in render
    self.environment.handle_exception()
    ~~~~~~~~~~~~~~~~~~~~~~~~~~~~~~~~~^^
  File "C:\workspace\myapp\venv\Lib\site-packages\jinja2\environment.py", line 942, in handle_exception
    raise rewrite_traceback_stack(source=source)
  File "C:\workspace\myapp\templates\timeline.html", line 12, in top-level template code
    <a href="{{ url_for('toggle_like') }}">Ç¢Ç¢ÇÀâèú</a>
    ^^^^^^^^^^^^^^^^^
  File "C:\workspace\myapp\venv\Lib\site-packages\flask\app.py", line 1121, in url_for
    return self.handle_url_build_error(error, endpoint, values)
           ~~~~~~~~~~~~~~~~~~~~~~~~~~~^^^^^^^^^^^^^^^^^^^^^^^^^
  File "C:\workspace\myapp\venv\Lib\site-packages\flask\app.py", line 1110, in url_for
    rv = url_adapter.build(  # type: ignore[union-attr]
        endpoint,
    ...<3 lines>...
        force_external=_external,
    )
  File "C:\workspace\myapp\venv\Lib\site-packages\werkzeug\routing\map.py", line 924, in build
    raise BuildError(endpoint, values, method, self)
werkzeug.routing.exceptions.BuildError: Could not build url for endpoint 'toggle_like'. Did you forget to specify values ['post_id']?
2025-11-08 10:23:20,256 INFO: 127.0.0.1 - - [08/Nov/2025 10:23:20] "[35m[1mGET / HTTP/1.1[0m" 500 -
2025-11-08 19:45:40,251 INFO: [31m[1mWARNING: This is a development server. Do not use it in a production deployment. Use a production WSGI server instead.[0m
 * Running on http://127.0.0.1:5000
2025-11-08 19:45:40,252 INFO: [33mPress CTRL+C to quit[0m
2025-11-08 19:45:51,338 INFO: É^ÉCÉÄÉâÉCÉìÇï\é¶
2025-11-08 19:45:51,362 ERROR: Exception on / [GET]
Traceback (most recent call last):
  File "C:\workspace\myapp\venv\Lib\site-packages\flask\app.py", line 1511, in wsgi_app
    response = self.full_dispatch_request()
  File "C:\workspace\myapp\venv\Lib\site-packages\flask\app.py", line 919, in full_dispatch_request
    rv = self.handle_user_exception(e)
  File "C:\workspace\myapp\venv\Lib\site-packages\flask\app.py", line 917, in full_dispatch_request
    rv = self.dispatch_request()
  File "C:\workspace\myapp\venv\Lib\site-packages\flask\app.py", line 902, in dispatch_request
    return self.ensure_sync(self.view_functions[rule.endpoint])(**view_args)  # type: ignore[no-any-return]
           ~~~~~~~~~~~~~~~~~~~~~~~~~~~~~~~~~~~~~~~~~~~~~~~~~~~~^^^^^^^^^^^^^
  File "C:\workspace\myapp\app.py", line 130, in timeline
    return render_template('timeline.html', posts=posts)
  File "C:\workspace\myapp\venv\Lib\site-packages\flask\templating.py", line 150, in render_template
    return _render(app, template, context)
  File "C:\workspace\myapp\venv\Lib\site-packages\flask\templating.py", line 131, in _render
    rv = template.render(context)
  File "C:\workspace\myapp\venv\Lib\site-packages\jinja2\environment.py", line 1295, in render
    self.environment.handle_exception()
    ~~~~~~~~~~~~~~~~~~~~~~~~~~~~~~~~~^^
  File "C:\workspace\myapp\venv\Lib\site-packages\jinja2\environment.py", line 942, in handle_exception
    raise rewrite_traceback_stack(source=source)
  File "C:\workspace\myapp\templates\timeline.html", line 12, in top-level template code
    <a href="{{ url_for('toggle_like', post_id=post.id) }}">Ç¢Ç¢ÇÀâèú</a>
    ^^^^^^^^^^^^^^^^^
  File "C:\workspace\myapp\venv\Lib\site-packages\jinja2\environment.py", line 490, in getattr
    return getattr(obj, attribute)
jinja2.exceptions.UndefinedError: 'post' is undefined
2025-11-08 19:45:51,427 INFO: 127.0.0.1 - - [08/Nov/2025 19:45:51] "[35m[1mGET / HTTP/1.1[0m" 500 -
2025-11-08 19:45:53,183 INFO: É^ÉCÉÄÉâÉCÉìÇï\é¶
2025-11-08 19:45:53,184 ERROR: Exception on / [GET]
Traceback (most recent call last):
  File "C:\workspace\myapp\venv\Lib\site-packages\flask\app.py", line 1511, in wsgi_app
    response = self.full_dispatch_request()
  File "C:\workspace\myapp\venv\Lib\site-packages\flask\app.py", line 919, in full_dispatch_request
    rv = self.handle_user_exception(e)
  File "C:\workspace\myapp\venv\Lib\site-packages\flask\app.py", line 917, in full_dispatch_request
    rv = self.dispatch_request()
  File "C:\workspace\myapp\venv\Lib\site-packages\flask\app.py", line 902, in dispatch_request
    return self.ensure_sync(self.view_functions[rule.endpoint])(**view_args)  # type: ignore[no-any-return]
           ~~~~~~~~~~~~~~~~~~~~~~~~~~~~~~~~~~~~~~~~~~~~~~~~~~~~^^^^^^^^^^^^^
  File "C:\workspace\myapp\app.py", line 130, in timeline
    return render_template('timeline.html', posts=posts)
  File "C:\workspace\myapp\venv\Lib\site-packages\flask\templating.py", line 150, in render_template
    return _render(app, template, context)
  File "C:\workspace\myapp\venv\Lib\site-packages\flask\templating.py", line 131, in _render
    rv = template.render(context)
  File "C:\workspace\myapp\venv\Lib\site-packages\jinja2\environment.py", line 1295, in render
    self.environment.handle_exception()
    ~~~~~~~~~~~~~~~~~~~~~~~~~~~~~~~~~^^
  File "C:\workspace\myapp\venv\Lib\site-packages\jinja2\environment.py", line 942, in handle_exception
    raise rewrite_traceback_stack(source=source)
  File "C:\workspace\myapp\templates\timeline.html", line 12, in top-level template code
    <a href="{{ url_for('toggle_like', post_id=post.id) }}">Ç¢Ç¢ÇÀâèú</a>
    ^^^^^^^^^^^^^^^^^
  File "C:\workspace\myapp\venv\Lib\site-packages\jinja2\environment.py", line 490, in getattr
    return getattr(obj, attribute)
jinja2.exceptions.UndefinedError: 'post' is undefined
2025-11-08 19:45:53,188 INFO: 127.0.0.1 - - [08/Nov/2025 19:45:53] "[35m[1mGET / HTTP/1.1[0m" 500 -
2025-11-08 19:49:58,013 INFO: [31m[1mWARNING: This is a development server. Do not use it in a production deployment. Use a production WSGI server instead.[0m
 * Running on http://127.0.0.1:5000
2025-11-08 19:49:58,014 INFO: [33mPress CTRL+C to quit[0m
2025-11-08 19:50:06,845 INFO: É^ÉCÉÄÉâÉCÉìÇï\é¶
2025-11-08 19:50:06,855 ERROR: Exception on / [GET]
Traceback (most recent call last):
  File "C:\workspace\myapp\venv\Lib\site-packages\flask\app.py", line 1511, in wsgi_app
    response = self.full_dispatch_request()
  File "C:\workspace\myapp\venv\Lib\site-packages\flask\app.py", line 919, in full_dispatch_request
    rv = self.handle_user_exception(e)
  File "C:\workspace\myapp\venv\Lib\site-packages\flask\app.py", line 917, in full_dispatch_request
    rv = self.dispatch_request()
  File "C:\workspace\myapp\venv\Lib\site-packages\flask\app.py", line 902, in dispatch_request
    return self.ensure_sync(self.view_functions[rule.endpoint])(**view_args)  # type: ignore[no-any-return]
           ~~~~~~~~~~~~~~~~~~~~~~~~~~~~~~~~~~~~~~~~~~~~~~~~~~~~^^^^^^^^^^^^^
  File "C:\workspace\myapp\app.py", line 130, in timeline
    return render_template('timeline.html', posts=posts)
  File "C:\workspace\myapp\venv\Lib\site-packages\flask\templating.py", line 150, in render_template
    return _render(app, template, context)
  File "C:\workspace\myapp\venv\Lib\site-packages\flask\templating.py", line 131, in _render
    rv = template.render(context)
  File "C:\workspace\myapp\venv\Lib\site-packages\jinja2\environment.py", line 1295, in render
    self.environment.handle_exception()
    ~~~~~~~~~~~~~~~~~~~~~~~~~~~~~~~~~^^
  File "C:\workspace\myapp\venv\Lib\site-packages\jinja2\environment.py", line 942, in handle_exception
    raise rewrite_traceback_stack(source=source)
  File "C:\workspace\myapp\templates\timeline.html", line 12, in top-level template code
    <a href="{{ url_for('toggle_like', post_id=post.id) }}">Ç¢Ç¢ÇÀâèú</a>
    ^^^^^^^^^^^^^^^^^
  File "C:\workspace\myapp\venv\Lib\site-packages\jinja2\environment.py", line 490, in getattr
    return getattr(obj, attribute)
jinja2.exceptions.UndefinedError: 'post' is undefined
2025-11-08 19:50:06,859 INFO: 127.0.0.1 - - [08/Nov/2025 19:50:06] "[35m[1mGET / HTTP/1.1[0m" 500 -
2025-11-08 19:50:07,401 INFO: É^ÉCÉÄÉâÉCÉìÇï\é¶
2025-11-08 19:50:07,402 ERROR: Exception on / [GET]
Traceback (most recent call last):
  File "C:\workspace\myapp\venv\Lib\site-packages\flask\app.py", line 1511, in wsgi_app
    response = self.full_dispatch_request()
  File "C:\workspace\myapp\venv\Lib\site-packages\flask\app.py", line 919, in full_dispatch_request
    rv = self.handle_user_exception(e)
  File "C:\workspace\myapp\venv\Lib\site-packages\flask\app.py", line 917, in full_dispatch_request
    rv = self.dispatch_request()
  File "C:\workspace\myapp\venv\Lib\site-packages\flask\app.py", line 902, in dispatch_request
    return self.ensure_sync(self.view_functions[rule.endpoint])(**view_args)  # type: ignore[no-any-return]
           ~~~~~~~~~~~~~~~~~~~~~~~~~~~~~~~~~~~~~~~~~~~~~~~~~~~~^^^^^^^^^^^^^
  File "C:\workspace\myapp\app.py", line 130, in timeline
    return render_template('timeline.html', posts=posts)
  File "C:\workspace\myapp\venv\Lib\site-packages\flask\templating.py", line 150, in render_template
    return _render(app, template, context)
  File "C:\workspace\myapp\venv\Lib\site-packages\flask\templating.py", line 131, in _render
    rv = template.render(context)
  File "C:\workspace\myapp\venv\Lib\site-packages\jinja2\environment.py", line 1295, in render
    self.environment.handle_exception()
    ~~~~~~~~~~~~~~~~~~~~~~~~~~~~~~~~~^^
  File "C:\workspace\myapp\venv\Lib\site-packages\jinja2\environment.py", line 942, in handle_exception
    raise rewrite_traceback_stack(source=source)
  File "C:\workspace\myapp\templates\timeline.html", line 12, in top-level template code
    <a href="{{ url_for('toggle_like', post_id=post.id) }}">Ç¢Ç¢ÇÀâèú</a>
    ^^^^^^^^^^^^^^^^^
  File "C:\workspace\myapp\venv\Lib\site-packages\jinja2\environment.py", line 490, in getattr
    return getattr(obj, attribute)
jinja2.exceptions.UndefinedError: 'post' is undefined
2025-11-08 19:50:07,406 INFO: 127.0.0.1 - - [08/Nov/2025 19:50:07] "[35m[1mGET / HTTP/1.1[0m" 500 -
2025-11-08 19:50:07,567 INFO: É^ÉCÉÄÉâÉCÉìÇï\é¶
2025-11-08 19:50:07,568 ERROR: Exception on / [GET]
Traceback (most recent call last):
  File "C:\workspace\myapp\venv\Lib\site-packages\flask\app.py", line 1511, in wsgi_app
    response = self.full_dispatch_request()
  File "C:\workspace\myapp\venv\Lib\site-packages\flask\app.py", line 919, in full_dispatch_request
    rv = self.handle_user_exception(e)
  File "C:\workspace\myapp\venv\Lib\site-packages\flask\app.py", line 917, in full_dispatch_request
    rv = self.dispatch_request()
  File "C:\workspace\myapp\venv\Lib\site-packages\flask\app.py", line 902, in dispatch_request
    return self.ensure_sync(self.view_functions[rule.endpoint])(**view_args)  # type: ignore[no-any-return]
           ~~~~~~~~~~~~~~~~~~~~~~~~~~~~~~~~~~~~~~~~~~~~~~~~~~~~^^^^^^^^^^^^^
  File "C:\workspace\myapp\app.py", line 130, in timeline
    return render_template('timeline.html', posts=posts)
  File "C:\workspace\myapp\venv\Lib\site-packages\flask\templating.py", line 150, in render_template
    return _render(app, template, context)
  File "C:\workspace\myapp\venv\Lib\site-packages\flask\templating.py", line 131, in _render
    rv = template.render(context)
  File "C:\workspace\myapp\venv\Lib\site-packages\jinja2\environment.py", line 1295, in render
    self.environment.handle_exception()
    ~~~~~~~~~~~~~~~~~~~~~~~~~~~~~~~~~^^
  File "C:\workspace\myapp\venv\Lib\site-packages\jinja2\environment.py", line 942, in handle_exception
    raise rewrite_traceback_stack(source=source)
  File "C:\workspace\myapp\templates\timeline.html", line 12, in top-level template code
    <a href="{{ url_for('toggle_like', post_id=post.id) }}">Ç¢Ç¢ÇÀâèú</a>
    ^^^^^^^^^^^^^^^^^
  File "C:\workspace\myapp\venv\Lib\site-packages\jinja2\environment.py", line 490, in getattr
    return getattr(obj, attribute)
jinja2.exceptions.UndefinedError: 'post' is undefined
2025-11-08 19:50:07,572 INFO: 127.0.0.1 - - [08/Nov/2025 19:50:07] "[35m[1mGET / HTTP/1.1[0m" 500 -
2025-11-08 19:50:07,725 INFO: É^ÉCÉÄÉâÉCÉìÇï\é¶
2025-11-08 19:50:07,725 ERROR: Exception on / [GET]
Traceback (most recent call last):
  File "C:\workspace\myapp\venv\Lib\site-packages\flask\app.py", line 1511, in wsgi_app
    response = self.full_dispatch_request()
  File "C:\workspace\myapp\venv\Lib\site-packages\flask\app.py", line 919, in full_dispatch_request
    rv = self.handle_user_exception(e)
  File "C:\workspace\myapp\venv\Lib\site-packages\flask\app.py", line 917, in full_dispatch_request
    rv = self.dispatch_request()
  File "C:\workspace\myapp\venv\Lib\site-packages\flask\app.py", line 902, in dispatch_request
    return self.ensure_sync(self.view_functions[rule.endpoint])(**view_args)  # type: ignore[no-any-return]
           ~~~~~~~~~~~~~~~~~~~~~~~~~~~~~~~~~~~~~~~~~~~~~~~~~~~~^^^^^^^^^^^^^
  File "C:\workspace\myapp\app.py", line 130, in timeline
    return render_template('timeline.html', posts=posts)
  File "C:\workspace\myapp\venv\Lib\site-packages\flask\templating.py", line 150, in render_template
    return _render(app, template, context)
  File "C:\workspace\myapp\venv\Lib\site-packages\flask\templating.py", line 131, in _render
    rv = template.render(context)
  File "C:\workspace\myapp\venv\Lib\site-packages\jinja2\environment.py", line 1295, in render
    self.environment.handle_exception()
    ~~~~~~~~~~~~~~~~~~~~~~~~~~~~~~~~~^^
  File "C:\workspace\myapp\venv\Lib\site-packages\jinja2\environment.py", line 942, in handle_exception
    raise rewrite_traceback_stack(source=source)
  File "C:\workspace\myapp\templates\timeline.html", line 12, in top-level template code
    <a href="{{ url_for('toggle_like', post_id=post.id) }}">Ç¢Ç¢ÇÀâèú</a>
    ^^^^^^^^^^^^^^^^^
  File "C:\workspace\myapp\venv\Lib\site-packages\jinja2\environment.py", line 490, in getattr
    return getattr(obj, attribute)
jinja2.exceptions.UndefinedError: 'post' is undefined
2025-11-08 19:50:07,731 INFO: 127.0.0.1 - - [08/Nov/2025 19:50:07] "[35m[1mGET / HTTP/1.1[0m" 500 -
2025-11-08 19:50:07,895 INFO: É^ÉCÉÄÉâÉCÉìÇï\é¶
2025-11-08 19:50:07,895 ERROR: Exception on / [GET]
Traceback (most recent call last):
  File "C:\workspace\myapp\venv\Lib\site-packages\flask\app.py", line 1511, in wsgi_app
    response = self.full_dispatch_request()
  File "C:\workspace\myapp\venv\Lib\site-packages\flask\app.py", line 919, in full_dispatch_request
    rv = self.handle_user_exception(e)
  File "C:\workspace\myapp\venv\Lib\site-packages\flask\app.py", line 917, in full_dispatch_request
    rv = self.dispatch_request()
  File "C:\workspace\myapp\venv\Lib\site-packages\flask\app.py", line 902, in dispatch_request
    return self.ensure_sync(self.view_functions[rule.endpoint])(**view_args)  # type: ignore[no-any-return]
           ~~~~~~~~~~~~~~~~~~~~~~~~~~~~~~~~~~~~~~~~~~~~~~~~~~~~^^^^^^^^^^^^^
  File "C:\workspace\myapp\app.py", line 130, in timeline
    return render_template('timeline.html', posts=posts)
  File "C:\workspace\myapp\venv\Lib\site-packages\flask\templating.py", line 150, in render_template
    return _render(app, template, context)
  File "C:\workspace\myapp\venv\Lib\site-packages\flask\templating.py", line 131, in _render
    rv = template.render(context)
  File "C:\workspace\myapp\venv\Lib\site-packages\jinja2\environment.py", line 1295, in render
    self.environment.handle_exception()
    ~~~~~~~~~~~~~~~~~~~~~~~~~~~~~~~~~^^
  File "C:\workspace\myapp\venv\Lib\site-packages\jinja2\environment.py", line 942, in handle_exception
    raise rewrite_traceback_stack(source=source)
  File "C:\workspace\myapp\templates\timeline.html", line 12, in top-level template code
    <a href="{{ url_for('toggle_like', post_id=post.id) }}">Ç¢Ç¢ÇÀâèú</a>
    ^^^^^^^^^^^^^^^^^
  File "C:\workspace\myapp\venv\Lib\site-packages\jinja2\environment.py", line 490, in getattr
    return getattr(obj, attribute)
jinja2.exceptions.UndefinedError: 'post' is undefined
2025-11-08 19:50:07,900 INFO: 127.0.0.1 - - [08/Nov/2025 19:50:07] "[35m[1mGET / HTTP/1.1[0m" 500 -
2025-11-08 19:50:08,057 INFO: É^ÉCÉÄÉâÉCÉìÇï\é¶
2025-11-08 19:50:08,057 ERROR: Exception on / [GET]
Traceback (most recent call last):
  File "C:\workspace\myapp\venv\Lib\site-packages\flask\app.py", line 1511, in wsgi_app
    response = self.full_dispatch_request()
  File "C:\workspace\myapp\venv\Lib\site-packages\flask\app.py", line 919, in full_dispatch_request
    rv = self.handle_user_exception(e)
  File "C:\workspace\myapp\venv\Lib\site-packages\flask\app.py", line 917, in full_dispatch_request
    rv = self.dispatch_request()
  File "C:\workspace\myapp\venv\Lib\site-packages\flask\app.py", line 902, in dispatch_request
    return self.ensure_sync(self.view_functions[rule.endpoint])(**view_args)  # type: ignore[no-any-return]
           ~~~~~~~~~~~~~~~~~~~~~~~~~~~~~~~~~~~~~~~~~~~~~~~~~~~~^^^^^^^^^^^^^
  File "C:\workspace\myapp\app.py", line 130, in timeline
    return render_template('timeline.html', posts=posts)
  File "C:\workspace\myapp\venv\Lib\site-packages\flask\templating.py", line 150, in render_template
    return _render(app, template, context)
  File "C:\workspace\myapp\venv\Lib\site-packages\flask\templating.py", line 131, in _render
    rv = template.render(context)
  File "C:\workspace\myapp\venv\Lib\site-packages\jinja2\environment.py", line 1295, in render
    self.environment.handle_exception()
    ~~~~~~~~~~~~~~~~~~~~~~~~~~~~~~~~~^^
  File "C:\workspace\myapp\venv\Lib\site-packages\jinja2\environment.py", line 942, in handle_exception
    raise rewrite_traceback_stack(source=source)
  File "C:\workspace\myapp\templates\timeline.html", line 12, in top-level template code
    <a href="{{ url_for('toggle_like', post_id=post.id) }}">Ç¢Ç¢ÇÀâèú</a>
    ^^^^^^^^^^^^^^^^^
  File "C:\workspace\myapp\venv\Lib\site-packages\jinja2\environment.py", line 490, in getattr
    return getattr(obj, attribute)
jinja2.exceptions.UndefinedError: 'post' is undefined
2025-11-08 19:50:08,062 INFO: 127.0.0.1 - - [08/Nov/2025 19:50:08] "[35m[1mGET / HTTP/1.1[0m" 500 -
2025-11-08 19:50:08,203 INFO: É^ÉCÉÄÉâÉCÉìÇï\é¶
2025-11-08 19:50:08,204 ERROR: Exception on / [GET]
Traceback (most recent call last):
  File "C:\workspace\myapp\venv\Lib\site-packages\flask\app.py", line 1511, in wsgi_app
    response = self.full_dispatch_request()
  File "C:\workspace\myapp\venv\Lib\site-packages\flask\app.py", line 919, in full_dispatch_request
    rv = self.handle_user_exception(e)
  File "C:\workspace\myapp\venv\Lib\site-packages\flask\app.py", line 917, in full_dispatch_request
    rv = self.dispatch_request()
  File "C:\workspace\myapp\venv\Lib\site-packages\flask\app.py", line 902, in dispatch_request
    return self.ensure_sync(self.view_functions[rule.endpoint])(**view_args)  # type: ignore[no-any-return]
           ~~~~~~~~~~~~~~~~~~~~~~~~~~~~~~~~~~~~~~~~~~~~~~~~~~~~^^^^^^^^^^^^^
  File "C:\workspace\myapp\app.py", line 130, in timeline
    return render_template('timeline.html', posts=posts)
  File "C:\workspace\myapp\venv\Lib\site-packages\flask\templating.py", line 150, in render_template
    return _render(app, template, context)
  File "C:\workspace\myapp\venv\Lib\site-packages\flask\templating.py", line 131, in _render
    rv = template.render(context)
  File "C:\workspace\myapp\venv\Lib\site-packages\jinja2\environment.py", line 1295, in render
    self.environment.handle_exception()
    ~~~~~~~~~~~~~~~~~~~~~~~~~~~~~~~~~^^
  File "C:\workspace\myapp\venv\Lib\site-packages\jinja2\environment.py", line 942, in handle_exception
    raise rewrite_traceback_stack(source=source)
  File "C:\workspace\myapp\templates\timeline.html", line 12, in top-level template code
    <a href="{{ url_for('toggle_like', post_id=post.id) }}">Ç¢Ç¢ÇÀâèú</a>
    ^^^^^^^^^^^^^^^^^
  File "C:\workspace\myapp\venv\Lib\site-packages\jinja2\environment.py", line 490, in getattr
    return getattr(obj, attribute)
jinja2.exceptions.UndefinedError: 'post' is undefined
2025-11-08 19:50:08,208 INFO: 127.0.0.1 - - [08/Nov/2025 19:50:08] "[35m[1mGET / HTTP/1.1[0m" 500 -
2025-11-08 19:52:41,622 INFO: [31m[1mWARNING: This is a development server. Do not use it in a production deployment. Use a production WSGI server instead.[0m
 * Running on http://127.0.0.1:5000
2025-11-08 19:52:41,622 INFO: [33mPress CTRL+C to quit[0m
2025-11-08 19:52:53,521 INFO: É^ÉCÉÄÉâÉCÉìÇï\é¶
2025-11-08 19:52:53,536 ERROR: Exception on / [GET]
Traceback (most recent call last):
  File "C:\workspace\myapp\venv\Lib\site-packages\flask\app.py", line 1511, in wsgi_app
    response = self.full_dispatch_request()
  File "C:\workspace\myapp\venv\Lib\site-packages\flask\app.py", line 919, in full_dispatch_request
    rv = self.handle_user_exception(e)
  File "C:\workspace\myapp\venv\Lib\site-packages\flask\app.py", line 917, in full_dispatch_request
    rv = self.dispatch_request()
  File "C:\workspace\myapp\venv\Lib\site-packages\flask\app.py", line 902, in dispatch_request
    return self.ensure_sync(self.view_functions[rule.endpoint])(**view_args)  # type: ignore[no-any-return]
           ~~~~~~~~~~~~~~~~~~~~~~~~~~~~~~~~~~~~~~~~~~~~~~~~~~~~^^^^^^^^^^^^^
  File "C:\workspace\myapp\app.py", line 130, in timeline
    return render_template('timeline.html', posts=posts)
  File "C:\workspace\myapp\venv\Lib\site-packages\flask\templating.py", line 150, in render_template
    return _render(app, template, context)
  File "C:\workspace\myapp\venv\Lib\site-packages\flask\templating.py", line 131, in _render
    rv = template.render(context)
  File "C:\workspace\myapp\venv\Lib\site-packages\jinja2\environment.py", line 1295, in render
    self.environment.handle_exception()
    ~~~~~~~~~~~~~~~~~~~~~~~~~~~~~~~~~^^
  File "C:\workspace\myapp\venv\Lib\site-packages\jinja2\environment.py", line 942, in handle_exception
    raise rewrite_traceback_stack(source=source)
  File "C:\workspace\myapp\templates\timeline.html", line 12, in top-level template code
    <a href="{{ url_for('toggle_like', post_id=post.id) }}">Ç¢Ç¢ÇÀâèú</a>
    ^^^^^^^^^^^^^^^^^
  File "C:\workspace\myapp\venv\Lib\site-packages\jinja2\environment.py", line 490, in getattr
    return getattr(obj, attribute)
jinja2.exceptions.UndefinedError: 'post' is undefined
2025-11-08 19:52:53,542 INFO: 127.0.0.1 - - [08/Nov/2025 19:52:53] "[35m[1mGET / HTTP/1.1[0m" 500 -
2025-11-08 19:52:55,715 INFO: É^ÉCÉÄÉâÉCÉìÇï\é¶
2025-11-08 19:52:55,716 ERROR: Exception on / [GET]
Traceback (most recent call last):
  File "C:\workspace\myapp\venv\Lib\site-packages\flask\app.py", line 1511, in wsgi_app
    response = self.full_dispatch_request()
  File "C:\workspace\myapp\venv\Lib\site-packages\flask\app.py", line 919, in full_dispatch_request
    rv = self.handle_user_exception(e)
  File "C:\workspace\myapp\venv\Lib\site-packages\flask\app.py", line 917, in full_dispatch_request
    rv = self.dispatch_request()
  File "C:\workspace\myapp\venv\Lib\site-packages\flask\app.py", line 902, in dispatch_request
    return self.ensure_sync(self.view_functions[rule.endpoint])(**view_args)  # type: ignore[no-any-return]
           ~~~~~~~~~~~~~~~~~~~~~~~~~~~~~~~~~~~~~~~~~~~~~~~~~~~~^^^^^^^^^^^^^
  File "C:\workspace\myapp\app.py", line 130, in timeline
    return render_template('timeline.html', posts=posts)
  File "C:\workspace\myapp\venv\Lib\site-packages\flask\templating.py", line 150, in render_template
    return _render(app, template, context)
  File "C:\workspace\myapp\venv\Lib\site-packages\flask\templating.py", line 131, in _render
    rv = template.render(context)
  File "C:\workspace\myapp\venv\Lib\site-packages\jinja2\environment.py", line 1295, in render
    self.environment.handle_exception()
    ~~~~~~~~~~~~~~~~~~~~~~~~~~~~~~~~~^^
  File "C:\workspace\myapp\venv\Lib\site-packages\jinja2\environment.py", line 942, in handle_exception
    raise rewrite_traceback_stack(source=source)
  File "C:\workspace\myapp\templates\timeline.html", line 12, in top-level template code
    <a href="{{ url_for('toggle_like', post_id=post.id) }}">Ç¢Ç¢ÇÀâèú</a>
    ^^^^^^^^^^^^^^^^^
  File "C:\workspace\myapp\venv\Lib\site-packages\jinja2\environment.py", line 490, in getattr
    return getattr(obj, attribute)
jinja2.exceptions.UndefinedError: 'post' is undefined
2025-11-08 19:52:55,720 INFO: 127.0.0.1 - - [08/Nov/2025 19:52:55] "[35m[1mGET / HTTP/1.1[0m" 500 -
2025-11-08 19:58:33,868 INFO: [31m[1mWARNING: This is a development server. Do not use it in a production deployment. Use a production WSGI server instead.[0m
 * Running on http://127.0.0.1:5000
2025-11-08 19:58:33,868 INFO: [33mPress CTRL+C to quit[0m
2025-11-08 19:58:42,034 INFO: É^ÉCÉÄÉâÉCÉìÇï\é¶
2025-11-08 19:58:42,067 ERROR: Exception on / [GET]
Traceback (most recent call last):
  File "C:\workspace\myapp\venv\Lib\site-packages\flask\app.py", line 1511, in wsgi_app
    response = self.full_dispatch_request()
  File "C:\workspace\myapp\venv\Lib\site-packages\flask\app.py", line 919, in full_dispatch_request
    rv = self.handle_user_exception(e)
  File "C:\workspace\myapp\venv\Lib\site-packages\flask\app.py", line 917, in full_dispatch_request
    rv = self.dispatch_request()
  File "C:\workspace\myapp\venv\Lib\site-packages\flask\app.py", line 902, in dispatch_request
    return self.ensure_sync(self.view_functions[rule.endpoint])(**view_args)  # type: ignore[no-any-return]
           ~~~~~~~~~~~~~~~~~~~~~~~~~~~~~~~~~~~~~~~~~~~~~~~~~~~~^^^^^^^^^^^^^
  File "C:\workspace\myapp\app.py", line 130, in timeline
    return render_template('timeline.html', posts=posts)
  File "C:\workspace\myapp\venv\Lib\site-packages\flask\templating.py", line 150, in render_template
    return _render(app, template, context)
  File "C:\workspace\myapp\venv\Lib\site-packages\flask\templating.py", line 131, in _render
    rv = template.render(context)
  File "C:\workspace\myapp\venv\Lib\site-packages\jinja2\environment.py", line 1295, in render
    self.environment.handle_exception()
    ~~~~~~~~~~~~~~~~~~~~~~~~~~~~~~~~~^^
  File "C:\workspace\myapp\venv\Lib\site-packages\jinja2\environment.py", line 942, in handle_exception
    raise rewrite_traceback_stack(source=source)
  File "C:\workspace\myapp\templates\timeline.html", line 12, in top-level template code
    <a href="{{ url_for('toggle_like', post_id=post.id) }}">Ç¢Ç¢ÇÀâèú</a>
    ^^^^^^^^^^^^^^^^^
  File "C:\workspace\myapp\venv\Lib\site-packages\jinja2\environment.py", line 490, in getattr
    return getattr(obj, attribute)
jinja2.exceptions.UndefinedError: 'post' is undefined
2025-11-08 19:58:42,073 INFO: 127.0.0.1 - - [08/Nov/2025 19:58:42] "[35m[1mGET / HTTP/1.1[0m" 500 -
2025-11-08 20:16:59,336 INFO: \u2705 db.create_all() äÆóπÇµÇ‹ÇµÇΩ
2025-11-08 20:16:59,354 INFO: \u2139\ufe0f AdminÉÜÅ[ÉUÅ[ÇÕä˘Ç…ë∂ç›ÇµÇƒÇ¢Ç‹Ç∑
2025-11-08 20:16:59,473 INFO: [31m[1mWARNING: This is a development server. Do not use it in a production deployment. Use a production WSGI server instead.[0m
 * Running on http://127.0.0.1:5000
2025-11-08 20:16:59,473 INFO: [33mPress CTRL+C to quit[0m
2025-11-08 20:16:59,476 INFO:  * Restarting with stat
2025-11-08 20:17:00,333 INFO: \u2705 db.create_all() äÆóπÇµÇ‹ÇµÇΩ
2025-11-08 20:17:00,348 INFO: \u2139\ufe0f AdminÉÜÅ[ÉUÅ[ÇÕä˘Ç…ë∂ç›ÇµÇƒÇ¢Ç‹Ç∑
2025-11-08 20:17:00,365 WARNING:  * Debugger is active!
2025-11-08 20:17:00,368 INFO:  * Debugger PIN: 811-016-014
2025-11-08 20:30:57,934 INFO: [31m[1mWARNING: This is a development server. Do not use it in a production deployment. Use a production WSGI server instead.[0m
 * Running on http://127.0.0.1:5000
2025-11-08 20:30:57,934 INFO: [33mPress CTRL+C to quit[0m
2025-11-08 20:31:11,929 INFO: É^ÉCÉÄÉâÉCÉìÇï\é¶
2025-11-08 20:31:11,965 ERROR: Exception on / [GET]
Traceback (most recent call last):
  File "C:\workspace\myapp\venv\Lib\site-packages\flask\app.py", line 1511, in wsgi_app
    response = self.full_dispatch_request()
  File "C:\workspace\myapp\venv\Lib\site-packages\flask\app.py", line 919, in full_dispatch_request
    rv = self.handle_user_exception(e)
  File "C:\workspace\myapp\venv\Lib\site-packages\flask\app.py", line 917, in full_dispatch_request
    rv = self.dispatch_request()
  File "C:\workspace\myapp\venv\Lib\site-packages\flask\app.py", line 902, in dispatch_request
    return self.ensure_sync(self.view_functions[rule.endpoint])(**view_args)  # type: ignore[no-any-return]
           ~~~~~~~~~~~~~~~~~~~~~~~~~~~~~~~~~~~~~~~~~~~~~~~~~~~~^^^^^^^^^^^^^
  File "C:\workspace\myapp\app.py", line 135, in timeline
    return render_template('timeline.html', posts=posts)
  File "C:\workspace\myapp\venv\Lib\site-packages\flask\templating.py", line 150, in render_template
    return _render(app, template, context)
  File "C:\workspace\myapp\venv\Lib\site-packages\flask\templating.py", line 131, in _render
    rv = template.render(context)
  File "C:\workspace\myapp\venv\Lib\site-packages\jinja2\environment.py", line 1295, in render
    self.environment.handle_exception()
    ~~~~~~~~~~~~~~~~~~~~~~~~~~~~~~~~~^^
  File "C:\workspace\myapp\venv\Lib\site-packages\jinja2\environment.py", line 942, in handle_exception
    raise rewrite_traceback_stack(source=source)
  File "C:\workspace\myapp\templates\timeline.html", line 12, in top-level template code
    <a href="{{ url_for('toggle_like', post_id=post.id) }}">Ç¢Ç¢ÇÀâèú</a>
    ^^^^^^^^^^^^^^^^^
  File "C:\workspace\myapp\venv\Lib\site-packages\jinja2\environment.py", line 490, in getattr
    return getattr(obj, attribute)
jinja2.exceptions.UndefinedError: 'post' is undefined
2025-11-08 20:31:11,970 INFO: 127.0.0.1 - - [08/Nov/2025 20:31:11] "[35m[1mGET / HTTP/1.1[0m" 500 -
2025-11-08 20:38:18,082 INFO: [31m[1mWARNING: This is a development server. Do not use it in a production deployment. Use a production WSGI server instead.[0m
 * Running on http://127.0.0.1:5000
2025-11-08 20:38:18,082 INFO: [33mPress CTRL+C to quit[0m
2025-11-08 20:38:24,471 ERROR: Exception on / [GET]
Traceback (most recent call last):
  File "C:\workspace\myapp\venv\Lib\site-packages\flask\app.py", line 1511, in wsgi_app
    response = self.full_dispatch_request()
  File "C:\workspace\myapp\venv\Lib\site-packages\flask\app.py", line 919, in full_dispatch_request
    rv = self.handle_user_exception(e)
  File "C:\workspace\myapp\venv\Lib\site-packages\flask\app.py", line 917, in full_dispatch_request
    rv = self.dispatch_request()
  File "C:\workspace\myapp\venv\Lib\site-packages\flask\app.py", line 902, in dispatch_request
    return self.ensure_sync(self.view_functions[rule.endpoint])(**view_args)  # type: ignore[no-any-return]
           ~~~~~~~~~~~~~~~~~~~~~~~~~~~~~~~~~~~~~~~~~~~~~~~~~~~~^^^^^^^^^^^^^
  File "C:\workspace\myapp\app.py", line 137, in timeline
    posts = Post.query.order_by(Post.timestamp.desc()).all()
            ^^^^^^^^^^
  File "C:\workspace\myapp\venv\Lib\site-packages\flask_sqlalchemy\model.py", line 22, in __get__
    return cls.query_class(
           ~~~~~~~~~~~~~~~^
        cls, session=cls.__fsa__.session()  # type: ignore[arg-type]
        ^^^^^^^^^^^^^^^^^^^^^^^^^^^^^^^^^^^^^^^^^^^^^^^^^^^^^^^^^^^^
    )
    ^
  File "C:\workspace\myapp\venv\Lib\site-packages\sqlalchemy\orm\query.py", line 276, in __init__
    self._set_entities(entities)
    ~~~~~~~~~~~~~~~~~~^^^^^^^^^^
  File "C:\workspace\myapp\venv\Lib\site-packages\sqlalchemy\orm\query.py", line 289, in _set_entities
    coercions.expect(
    ~~~~~~~~~~~~~~~~^
        roles.ColumnsClauseRole,
        ^^^^^^^^^^^^^^^^^^^^^^^^
    ...<2 lines>...
        post_inspect=True,
        ^^^^^^^^^^^^^^^^^^
    )
    ^
  File "C:\workspace\myapp\venv\Lib\site-packages\sqlalchemy\sql\coercions.py", line 388, in expect
    insp._post_inspect
  File "C:\workspace\myapp\venv\Lib\site-packages\sqlalchemy\util\langhelpers.py", line 1338, in __get__
    obj.__dict__[self.__name__] = result = self.fget(obj)
                                           ~~~~~~~~~^^^^^
  File "C:\workspace\myapp\venv\Lib\site-packages\sqlalchemy\orm\mapper.py", line 2724, in _post_inspect
    self._check_configure()
    ~~~~~~~~~~~~~~~~~~~~~^^
  File "C:\workspace\myapp\venv\Lib\site-packages\sqlalchemy\orm\mapper.py", line 2401, in _check_configure
    _configure_registries({self.registry}, cascade=True)
    ~~~~~~~~~~~~~~~~~~~~~^^^^^^^^^^^^^^^^^^^^^^^^^^^^^^^
  File "C:\workspace\myapp\venv\Lib\site-packages\sqlalchemy\orm\mapper.py", line 4218, in _configure_registries
    _do_configure_registries(registries, cascade)
    ~~~~~~~~~~~~~~~~~~~~~~~~^^^^^^^^^^^^^^^^^^^^^
  File "C:\workspace\myapp\venv\Lib\site-packages\sqlalchemy\orm\mapper.py", line 4259, in _do_configure_registries
    mapper._post_configure_properties()
    ~~~~~~~~~~~~~~~~~~~~~~~~~~~~~~~~~^^
  File "C:\workspace\myapp\venv\Lib\site-packages\sqlalchemy\orm\mapper.py", line 2418, in _post_configure_properties
    prop.init()
    ~~~~~~~~~^^
  File "C:\workspace\myapp\venv\Lib\site-packages\sqlalchemy\orm\interfaces.py", line 595, in init
    self.do_init()
    ~~~~~~~~~~~~^^
  File "C:\workspace\myapp\venv\Lib\site-packages\sqlalchemy\orm\relationships.py", line 1660, in do_init
    self._generate_backref()
    ~~~~~~~~~~~~~~~~~~~~~~^^
  File "C:\workspace\myapp\venv\Lib\site-packages\sqlalchemy\orm\relationships.py", line 2086, in _generate_backref
    raise sa_exc.ArgumentError(
    ...<4 lines>...
    )
sqlalchemy.exc.ArgumentError: Error creating backref 'post' on relationship 'Post.likes': property of that name exists on mapper 'Mapper[Like(like)]'
2025-11-08 20:38:24,500 INFO: 127.0.0.1 - - [08/Nov/2025 20:38:24] "[35m[1mGET / HTTP/1.1[0m" 500 -
2025-11-08 20:38:26,645 ERROR: Exception on / [GET]
Traceback (most recent call last):
  File "C:\workspace\myapp\venv\Lib\site-packages\flask\app.py", line 1511, in wsgi_app
    response = self.full_dispatch_request()
  File "C:\workspace\myapp\venv\Lib\site-packages\flask\app.py", line 919, in full_dispatch_request
    rv = self.handle_user_exception(e)
  File "C:\workspace\myapp\venv\Lib\site-packages\flask\app.py", line 917, in full_dispatch_request
    rv = self.dispatch_request()
  File "C:\workspace\myapp\venv\Lib\site-packages\flask\app.py", line 902, in dispatch_request
    return self.ensure_sync(self.view_functions[rule.endpoint])(**view_args)  # type: ignore[no-any-return]
           ~~~~~~~~~~~~~~~~~~~~~~~~~~~~~~~~~~~~~~~~~~~~~~~~~~~~^^^^^^^^^^^^^
  File "C:\workspace\myapp\app.py", line 137, in timeline
    posts = Post.query.order_by(Post.timestamp.desc()).all()
            ^^^^^^^^^^
  File "C:\workspace\myapp\venv\Lib\site-packages\flask_sqlalchemy\model.py", line 22, in __get__
    return cls.query_class(
           ~~~~~~~~~~~~~~~^
        cls, session=cls.__fsa__.session()  # type: ignore[arg-type]
        ^^^^^^^^^^^^^^^^^^^^^^^^^^^^^^^^^^^^^^^^^^^^^^^^^^^^^^^^^^^^
    )
    ^
  File "C:\workspace\myapp\venv\Lib\site-packages\sqlalchemy\orm\query.py", line 276, in __init__
    self._set_entities(entities)
    ~~~~~~~~~~~~~~~~~~^^^^^^^^^^
  File "C:\workspace\myapp\venv\Lib\site-packages\sqlalchemy\orm\query.py", line 289, in _set_entities
    coercions.expect(
    ~~~~~~~~~~~~~~~~^
        roles.ColumnsClauseRole,
        ^^^^^^^^^^^^^^^^^^^^^^^^
    ...<2 lines>...
        post_inspect=True,
        ^^^^^^^^^^^^^^^^^^
    )
    ^
  File "C:\workspace\myapp\venv\Lib\site-packages\sqlalchemy\sql\coercions.py", line 388, in expect
    insp._post_inspect
  File "C:\workspace\myapp\venv\Lib\site-packages\sqlalchemy\util\langhelpers.py", line 1338, in __get__
    obj.__dict__[self.__name__] = result = self.fget(obj)
                                           ~~~~~~~~~^^^^^
  File "C:\workspace\myapp\venv\Lib\site-packages\sqlalchemy\orm\mapper.py", line 2724, in _post_inspect
    self._check_configure()
    ~~~~~~~~~~~~~~~~~~~~~^^
  File "C:\workspace\myapp\venv\Lib\site-packages\sqlalchemy\orm\mapper.py", line 2401, in _check_configure
    _configure_registries({self.registry}, cascade=True)
    ~~~~~~~~~~~~~~~~~~~~~^^^^^^^^^^^^^^^^^^^^^^^^^^^^^^^
  File "C:\workspace\myapp\venv\Lib\site-packages\sqlalchemy\orm\mapper.py", line 4218, in _configure_registries
    _do_configure_registries(registries, cascade)
    ~~~~~~~~~~~~~~~~~~~~~~~~^^^^^^^^^^^^^^^^^^^^^
  File "C:\workspace\myapp\venv\Lib\site-packages\sqlalchemy\orm\mapper.py", line 4255, in _do_configure_registries
    raise e
sqlalchemy.exc.InvalidRequestError: One or more mappers failed to initialize - can't proceed with initialization of other mappers. Triggering mapper: 'Mapper[Post(post)]'. Original exception was: Error creating backref 'post' on relationship 'Post.likes': property of that name exists on mapper 'Mapper[Like(like)]'
2025-11-08 20:38:26,649 INFO: 127.0.0.1 - - [08/Nov/2025 20:38:26] "[35m[1mGET / HTTP/1.1[0m" 500 -
2025-11-08 20:38:29,146 ERROR: Exception on / [GET]
Traceback (most recent call last):
  File "C:\workspace\myapp\venv\Lib\site-packages\flask\app.py", line 1511, in wsgi_app
    response = self.full_dispatch_request()
  File "C:\workspace\myapp\venv\Lib\site-packages\flask\app.py", line 919, in full_dispatch_request
    rv = self.handle_user_exception(e)
  File "C:\workspace\myapp\venv\Lib\site-packages\flask\app.py", line 917, in full_dispatch_request
    rv = self.dispatch_request()
  File "C:\workspace\myapp\venv\Lib\site-packages\flask\app.py", line 902, in dispatch_request
    return self.ensure_sync(self.view_functions[rule.endpoint])(**view_args)  # type: ignore[no-any-return]
           ~~~~~~~~~~~~~~~~~~~~~~~~~~~~~~~~~~~~~~~~~~~~~~~~~~~~^^^^^^^^^^^^^
  File "C:\workspace\myapp\app.py", line 137, in timeline
    posts = Post.query.order_by(Post.timestamp.desc()).all()
            ^^^^^^^^^^
  File "C:\workspace\myapp\venv\Lib\site-packages\flask_sqlalchemy\model.py", line 22, in __get__
    return cls.query_class(
           ~~~~~~~~~~~~~~~^
        cls, session=cls.__fsa__.session()  # type: ignore[arg-type]
        ^^^^^^^^^^^^^^^^^^^^^^^^^^^^^^^^^^^^^^^^^^^^^^^^^^^^^^^^^^^^
    )
    ^
  File "C:\workspace\myapp\venv\Lib\site-packages\sqlalchemy\orm\query.py", line 276, in __init__
    self._set_entities(entities)
    ~~~~~~~~~~~~~~~~~~^^^^^^^^^^
  File "C:\workspace\myapp\venv\Lib\site-packages\sqlalchemy\orm\query.py", line 289, in _set_entities
    coercions.expect(
    ~~~~~~~~~~~~~~~~^
        roles.ColumnsClauseRole,
        ^^^^^^^^^^^^^^^^^^^^^^^^
    ...<2 lines>...
        post_inspect=True,
        ^^^^^^^^^^^^^^^^^^
    )
    ^
  File "C:\workspace\myapp\venv\Lib\site-packages\sqlalchemy\sql\coercions.py", line 388, in expect
    insp._post_inspect
  File "C:\workspace\myapp\venv\Lib\site-packages\sqlalchemy\util\langhelpers.py", line 1338, in __get__
    obj.__dict__[self.__name__] = result = self.fget(obj)
                                           ~~~~~~~~~^^^^^
  File "C:\workspace\myapp\venv\Lib\site-packages\sqlalchemy\orm\mapper.py", line 2724, in _post_inspect
    self._check_configure()
    ~~~~~~~~~~~~~~~~~~~~~^^
  File "C:\workspace\myapp\venv\Lib\site-packages\sqlalchemy\orm\mapper.py", line 2401, in _check_configure
    _configure_registries({self.registry}, cascade=True)
    ~~~~~~~~~~~~~~~~~~~~~^^^^^^^^^^^^^^^^^^^^^^^^^^^^^^^
  File "C:\workspace\myapp\venv\Lib\site-packages\sqlalchemy\orm\mapper.py", line 4218, in _configure_registries
    _do_configure_registries(registries, cascade)
    ~~~~~~~~~~~~~~~~~~~~~~~~^^^^^^^^^^^^^^^^^^^^^
  File "C:\workspace\myapp\venv\Lib\site-packages\sqlalchemy\orm\mapper.py", line 4255, in _do_configure_registries
    raise e
sqlalchemy.exc.InvalidRequestError: One or more mappers failed to initialize - can't proceed with initialization of other mappers. Triggering mapper: 'Mapper[Post(post)]'. Original exception was: Error creating backref 'post' on relationship 'Post.likes': property of that name exists on mapper 'Mapper[Like(like)]'
2025-11-08 20:38:29,149 INFO: 127.0.0.1 - - [08/Nov/2025 20:38:29] "[35m[1mGET / HTTP/1.1[0m" 500 -
2025-11-08 20:39:10,359 INFO: [31m[1mWARNING: This is a development server. Do not use it in a production deployment. Use a production WSGI server instead.[0m
 * Running on http://127.0.0.1:5000
2025-11-08 20:39:10,359 INFO: [33mPress CTRL+C to quit[0m
2025-11-08 20:39:13,217 ERROR: Exception on / [GET]
Traceback (most recent call last):
  File "C:\workspace\myapp\venv\Lib\site-packages\flask\app.py", line 1511, in wsgi_app
    response = self.full_dispatch_request()
  File "C:\workspace\myapp\venv\Lib\site-packages\flask\app.py", line 919, in full_dispatch_request
    rv = self.handle_user_exception(e)
  File "C:\workspace\myapp\venv\Lib\site-packages\flask\app.py", line 917, in full_dispatch_request
    rv = self.dispatch_request()
  File "C:\workspace\myapp\venv\Lib\site-packages\flask\app.py", line 902, in dispatch_request
    return self.ensure_sync(self.view_functions[rule.endpoint])(**view_args)  # type: ignore[no-any-return]
           ~~~~~~~~~~~~~~~~~~~~~~~~~~~~~~~~~~~~~~~~~~~~~~~~~~~~^^^^^^^^^^^^^
  File "C:\workspace\myapp\app.py", line 137, in timeline
    posts = Post.query.order_by(Post.timestamp.desc()).all()
            ^^^^^^^^^^
  File "C:\workspace\myapp\venv\Lib\site-packages\flask_sqlalchemy\model.py", line 22, in __get__
    return cls.query_class(
           ~~~~~~~~~~~~~~~^
        cls, session=cls.__fsa__.session()  # type: ignore[arg-type]
        ^^^^^^^^^^^^^^^^^^^^^^^^^^^^^^^^^^^^^^^^^^^^^^^^^^^^^^^^^^^^
    )
    ^
  File "C:\workspace\myapp\venv\Lib\site-packages\sqlalchemy\orm\query.py", line 276, in __init__
    self._set_entities(entities)
    ~~~~~~~~~~~~~~~~~~^^^^^^^^^^
  File "C:\workspace\myapp\venv\Lib\site-packages\sqlalchemy\orm\query.py", line 289, in _set_entities
    coercions.expect(
    ~~~~~~~~~~~~~~~~^
        roles.ColumnsClauseRole,
        ^^^^^^^^^^^^^^^^^^^^^^^^
    ...<2 lines>...
        post_inspect=True,
        ^^^^^^^^^^^^^^^^^^
    )
    ^
  File "C:\workspace\myapp\venv\Lib\site-packages\sqlalchemy\sql\coercions.py", line 388, in expect
    insp._post_inspect
  File "C:\workspace\myapp\venv\Lib\site-packages\sqlalchemy\util\langhelpers.py", line 1338, in __get__
    obj.__dict__[self.__name__] = result = self.fget(obj)
                                           ~~~~~~~~~^^^^^
  File "C:\workspace\myapp\venv\Lib\site-packages\sqlalchemy\orm\mapper.py", line 2724, in _post_inspect
    self._check_configure()
    ~~~~~~~~~~~~~~~~~~~~~^^
  File "C:\workspace\myapp\venv\Lib\site-packages\sqlalchemy\orm\mapper.py", line 2401, in _check_configure
    _configure_registries({self.registry}, cascade=True)
    ~~~~~~~~~~~~~~~~~~~~~^^^^^^^^^^^^^^^^^^^^^^^^^^^^^^^
  File "C:\workspace\myapp\venv\Lib\site-packages\sqlalchemy\orm\mapper.py", line 4218, in _configure_registries
    _do_configure_registries(registries, cascade)
    ~~~~~~~~~~~~~~~~~~~~~~~~^^^^^^^^^^^^^^^^^^^^^
  File "C:\workspace\myapp\venv\Lib\site-packages\sqlalchemy\orm\mapper.py", line 4259, in _do_configure_registries
    mapper._post_configure_properties()
    ~~~~~~~~~~~~~~~~~~~~~~~~~~~~~~~~~^^
  File "C:\workspace\myapp\venv\Lib\site-packages\sqlalchemy\orm\mapper.py", line 2418, in _post_configure_properties
    prop.init()
    ~~~~~~~~~^^
  File "C:\workspace\myapp\venv\Lib\site-packages\sqlalchemy\orm\interfaces.py", line 595, in init
    self.do_init()
    ~~~~~~~~~~~~^^
  File "C:\workspace\myapp\venv\Lib\site-packages\sqlalchemy\orm\relationships.py", line 1660, in do_init
    self._generate_backref()
    ~~~~~~~~~~~~~~~~~~~~~~^^
  File "C:\workspace\myapp\venv\Lib\site-packages\sqlalchemy\orm\relationships.py", line 2086, in _generate_backref
    raise sa_exc.ArgumentError(
    ...<4 lines>...
    )
sqlalchemy.exc.ArgumentError: Error creating backref 'post' on relationship 'Post.likes': property of that name exists on mapper 'Mapper[Like(like)]'
2025-11-08 20:39:13,239 INFO: 127.0.0.1 - - [08/Nov/2025 20:39:13] "[35m[1mGET / HTTP/1.1[0m" 500 -
2025-11-08 20:43:34,794 INFO: [31m[1mWARNING: This is a development server. Do not use it in a production deployment. Use a production WSGI server instead.[0m
 * Running on http://127.0.0.1:5000
2025-11-08 20:43:34,795 INFO: [33mPress CTRL+C to quit[0m
2025-11-08 20:43:41,751 ERROR: Exception on / [GET]
Traceback (most recent call last):
  File "C:\workspace\myapp\venv\Lib\site-packages\flask\app.py", line 1511, in wsgi_app
    response = self.full_dispatch_request()
  File "C:\workspace\myapp\venv\Lib\site-packages\flask\app.py", line 919, in full_dispatch_request
    rv = self.handle_user_exception(e)
  File "C:\workspace\myapp\venv\Lib\site-packages\flask\app.py", line 917, in full_dispatch_request
    rv = self.dispatch_request()
  File "C:\workspace\myapp\venv\Lib\site-packages\flask\app.py", line 902, in dispatch_request
    return self.ensure_sync(self.view_functions[rule.endpoint])(**view_args)  # type: ignore[no-any-return]
           ~~~~~~~~~~~~~~~~~~~~~~~~~~~~~~~~~~~~~~~~~~~~~~~~~~~~^^^^^^^^^^^^^
  File "C:\workspace\myapp\app.py", line 139, in timeline
    posts = Post.query.order_by(Post.timestamp.desc()).all()
            ^^^^^^^^^^
  File "C:\workspace\myapp\venv\Lib\site-packages\flask_sqlalchemy\model.py", line 22, in __get__
    return cls.query_class(
           ~~~~~~~~~~~~~~~^
        cls, session=cls.__fsa__.session()  # type: ignore[arg-type]
        ^^^^^^^^^^^^^^^^^^^^^^^^^^^^^^^^^^^^^^^^^^^^^^^^^^^^^^^^^^^^
    )
    ^
  File "C:\workspace\myapp\venv\Lib\site-packages\sqlalchemy\orm\query.py", line 276, in __init__
    self._set_entities(entities)
    ~~~~~~~~~~~~~~~~~~^^^^^^^^^^
  File "C:\workspace\myapp\venv\Lib\site-packages\sqlalchemy\orm\query.py", line 289, in _set_entities
    coercions.expect(
    ~~~~~~~~~~~~~~~~^
        roles.ColumnsClauseRole,
        ^^^^^^^^^^^^^^^^^^^^^^^^
    ...<2 lines>...
        post_inspect=True,
        ^^^^^^^^^^^^^^^^^^
    )
    ^
  File "C:\workspace\myapp\venv\Lib\site-packages\sqlalchemy\sql\coercions.py", line 388, in expect
    insp._post_inspect
  File "C:\workspace\myapp\venv\Lib\site-packages\sqlalchemy\util\langhelpers.py", line 1338, in __get__
    obj.__dict__[self.__name__] = result = self.fget(obj)
                                           ~~~~~~~~~^^^^^
  File "C:\workspace\myapp\venv\Lib\site-packages\sqlalchemy\orm\mapper.py", line 2724, in _post_inspect
    self._check_configure()
    ~~~~~~~~~~~~~~~~~~~~~^^
  File "C:\workspace\myapp\venv\Lib\site-packages\sqlalchemy\orm\mapper.py", line 2401, in _check_configure
    _configure_registries({self.registry}, cascade=True)
    ~~~~~~~~~~~~~~~~~~~~~^^^^^^^^^^^^^^^^^^^^^^^^^^^^^^^
  File "C:\workspace\myapp\venv\Lib\site-packages\sqlalchemy\orm\mapper.py", line 4218, in _configure_registries
    _do_configure_registries(registries, cascade)
    ~~~~~~~~~~~~~~~~~~~~~~~~^^^^^^^^^^^^^^^^^^^^^
  File "C:\workspace\myapp\venv\Lib\site-packages\sqlalchemy\orm\mapper.py", line 4259, in _do_configure_registries
    mapper._post_configure_properties()
    ~~~~~~~~~~~~~~~~~~~~~~~~~~~~~~~~~^^
  File "C:\workspace\myapp\venv\Lib\site-packages\sqlalchemy\orm\mapper.py", line 2418, in _post_configure_properties
    prop.init()
    ~~~~~~~~~^^
  File "C:\workspace\myapp\venv\Lib\site-packages\sqlalchemy\orm\interfaces.py", line 595, in init
    self.do_init()
    ~~~~~~~~~~~~^^
  File "C:\workspace\myapp\venv\Lib\site-packages\sqlalchemy\orm\relationships.py", line 1660, in do_init
    self._generate_backref()
    ~~~~~~~~~~~~~~~~~~~~~~^^
  File "C:\workspace\myapp\venv\Lib\site-packages\sqlalchemy\orm\relationships.py", line 2086, in _generate_backref
    raise sa_exc.ArgumentError(
    ...<4 lines>...
    )
sqlalchemy.exc.ArgumentError: Error creating backref 'post' on relationship 'Post.likes': property of that name exists on mapper 'Mapper[Like(like)]'
2025-11-08 20:43:41,764 INFO: 127.0.0.1 - - [08/Nov/2025 20:43:41] "[35m[1mGET / HTTP/1.1[0m" 500 -
2025-11-08 20:43:44,368 ERROR: Exception on / [GET]
Traceback (most recent call last):
  File "C:\workspace\myapp\venv\Lib\site-packages\flask\app.py", line 1511, in wsgi_app
    response = self.full_dispatch_request()
  File "C:\workspace\myapp\venv\Lib\site-packages\flask\app.py", line 919, in full_dispatch_request
    rv = self.handle_user_exception(e)
  File "C:\workspace\myapp\venv\Lib\site-packages\flask\app.py", line 917, in full_dispatch_request
    rv = self.dispatch_request()
  File "C:\workspace\myapp\venv\Lib\site-packages\flask\app.py", line 902, in dispatch_request
    return self.ensure_sync(self.view_functions[rule.endpoint])(**view_args)  # type: ignore[no-any-return]
           ~~~~~~~~~~~~~~~~~~~~~~~~~~~~~~~~~~~~~~~~~~~~~~~~~~~~^^^^^^^^^^^^^
  File "C:\workspace\myapp\app.py", line 139, in timeline
    posts = Post.query.order_by(Post.timestamp.desc()).all()
            ^^^^^^^^^^
  File "C:\workspace\myapp\venv\Lib\site-packages\flask_sqlalchemy\model.py", line 22, in __get__
    return cls.query_class(
           ~~~~~~~~~~~~~~~^
        cls, session=cls.__fsa__.session()  # type: ignore[arg-type]
        ^^^^^^^^^^^^^^^^^^^^^^^^^^^^^^^^^^^^^^^^^^^^^^^^^^^^^^^^^^^^
    )
    ^
  File "C:\workspace\myapp\venv\Lib\site-packages\sqlalchemy\orm\query.py", line 276, in __init__
    self._set_entities(entities)
    ~~~~~~~~~~~~~~~~~~^^^^^^^^^^
  File "C:\workspace\myapp\venv\Lib\site-packages\sqlalchemy\orm\query.py", line 289, in _set_entities
    coercions.expect(
    ~~~~~~~~~~~~~~~~^
        roles.ColumnsClauseRole,
        ^^^^^^^^^^^^^^^^^^^^^^^^
    ...<2 lines>...
        post_inspect=True,
        ^^^^^^^^^^^^^^^^^^
    )
    ^
  File "C:\workspace\myapp\venv\Lib\site-packages\sqlalchemy\sql\coercions.py", line 388, in expect
    insp._post_inspect
  File "C:\workspace\myapp\venv\Lib\site-packages\sqlalchemy\util\langhelpers.py", line 1338, in __get__
    obj.__dict__[self.__name__] = result = self.fget(obj)
                                           ~~~~~~~~~^^^^^
  File "C:\workspace\myapp\venv\Lib\site-packages\sqlalchemy\orm\mapper.py", line 2724, in _post_inspect
    self._check_configure()
    ~~~~~~~~~~~~~~~~~~~~~^^
  File "C:\workspace\myapp\venv\Lib\site-packages\sqlalchemy\orm\mapper.py", line 2401, in _check_configure
    _configure_registries({self.registry}, cascade=True)
    ~~~~~~~~~~~~~~~~~~~~~^^^^^^^^^^^^^^^^^^^^^^^^^^^^^^^
  File "C:\workspace\myapp\venv\Lib\site-packages\sqlalchemy\orm\mapper.py", line 4218, in _configure_registries
    _do_configure_registries(registries, cascade)
    ~~~~~~~~~~~~~~~~~~~~~~~~^^^^^^^^^^^^^^^^^^^^^
  File "C:\workspace\myapp\venv\Lib\site-packages\sqlalchemy\orm\mapper.py", line 4255, in _do_configure_registries
    raise e
sqlalchemy.exc.InvalidRequestError: One or more mappers failed to initialize - can't proceed with initialization of other mappers. Triggering mapper: 'Mapper[Post(post)]'. Original exception was: Error creating backref 'post' on relationship 'Post.likes': property of that name exists on mapper 'Mapper[Like(like)]'
2025-11-08 20:43:44,372 INFO: 127.0.0.1 - - [08/Nov/2025 20:43:44] "[35m[1mGET / HTTP/1.1[0m" 500 -
2025-11-08 20:45:20,913 INFO: [31m[1mWARNING: This is a development server. Do not use it in a production deployment. Use a production WSGI server instead.[0m
 * Running on http://127.0.0.1:5000
2025-11-08 20:45:20,913 INFO: [33mPress CTRL+C to quit[0m
2025-11-08 20:45:26,554 INFO: É^ÉCÉÄÉâÉCÉìÇï\é¶
2025-11-08 20:45:26,625 INFO: 127.0.0.1 - - [08/Nov/2025 20:45:26] "GET / HTTP/1.1" 200 -
2025-11-08 20:45:57,275 INFO: É^ÉCÉÄÉâÉCÉìÇï\é¶
2025-11-08 20:45:57,283 INFO: 127.0.0.1 - - [08/Nov/2025 20:45:57] "GET / HTTP/1.1" 200 -
2025-11-08 20:46:50,922 INFO: [31m[1mWARNING: This is a development server. Do not use it in a production deployment. Use a production WSGI server instead.[0m
 * Running on http://127.0.0.1:5000
2025-11-08 20:46:50,922 INFO: [33mPress CTRL+C to quit[0m
2025-11-08 20:46:56,068 INFO: É^ÉCÉÄÉâÉCÉìÇï\é¶
2025-11-08 20:46:56,129 INFO: 127.0.0.1 - - [08/Nov/2025 20:46:56] "GET / HTTP/1.1" 200 -
2025-11-08 20:47:12,004 INFO: ÉÜÅ[ÉUÅ[ 2 Ç™ìäçe 3 Ç…Ç¢Ç¢ÇÀÇµÇ‹ÇµÇΩ
2025-11-08 20:47:12,005 INFO: 127.0.0.1 - - [08/Nov/2025 20:47:12] "[32mPOST /like/3 HTTP/1.1[0m" 302 -
2025-11-08 20:47:12,016 INFO: É^ÉCÉÄÉâÉCÉìÇï\é¶
2025-11-08 20:47:12,020 INFO: 127.0.0.1 - - [08/Nov/2025 20:47:12] "GET / HTTP/1.1" 200 -
2025-11-08 20:47:26,568 INFO: ÉÜÅ[ÉUÅ[ 2 Ç™ìäçe 3 ÇÃÇ¢Ç¢ÇÀÇâèúÇµÇ‹ÇµÇΩ
2025-11-08 20:47:26,569 INFO: 127.0.0.1 - - [08/Nov/2025 20:47:26] "[32mPOST /like/3 HTTP/1.1[0m" 302 -
2025-11-08 20:47:26,591 INFO: É^ÉCÉÄÉâÉCÉìÇï\é¶
2025-11-08 20:47:26,601 INFO: 127.0.0.1 - - [08/Nov/2025 20:47:26] "GET / HTTP/1.1" 200 -
2025-11-08 20:50:34,994 INFO: [31m[1mWARNING: This is a development server. Do not use it in a production deployment. Use a production WSGI server instead.[0m
 * Running on http://127.0.0.1:5000
2025-11-08 20:50:34,994 INFO: [33mPress CTRL+C to quit[0m
2025-11-08 20:50:42,361 INFO: É^ÉCÉÄÉâÉCÉìÇï\é¶
2025-11-08 20:50:42,382 INFO: 127.0.0.1 - - [08/Nov/2025 20:50:42] "GET / HTTP/1.1" 200 -
2025-11-08 20:50:44,694 INFO: ÉÜÅ[ÉUÅ[ 2 Ç™ìäçe 3 Ç…Ç¢Ç¢ÇÀÇµÇ‹ÇµÇΩ
2025-11-08 20:50:44,697 INFO: 127.0.0.1 - - [08/Nov/2025 20:50:44] "[32mPOST /like/3 HTTP/1.1[0m" 302 -
2025-11-08 20:50:44,712 INFO: É^ÉCÉÄÉâÉCÉìÇï\é¶
2025-11-08 20:50:44,719 INFO: 127.0.0.1 - - [08/Nov/2025 20:50:44] "GET / HTTP/1.1" 200 -
2025-11-08 20:50:47,322 INFO: ÉÜÅ[ÉUÅ[ 2 Ç™ìäçe 3 ÇÃÇ¢Ç¢ÇÀÇâèúÇµÇ‹ÇµÇΩ
2025-11-08 20:50:47,323 INFO: 127.0.0.1 - - [08/Nov/2025 20:50:47] "[32mPOST /like/3 HTTP/1.1[0m" 302 -
2025-11-08 20:50:47,329 INFO: É^ÉCÉÄÉâÉCÉìÇï\é¶
2025-11-08 20:50:47,336 INFO: 127.0.0.1 - - [08/Nov/2025 20:50:47] "GET / HTTP/1.1" 200 -
2025-11-08 20:50:49,501 INFO: ÉÜÅ[ÉUÅ[ 2 Ç™ìäçe 3 Ç…Ç¢Ç¢ÇÀÇµÇ‹ÇµÇΩ
2025-11-08 20:50:49,501 INFO: 127.0.0.1 - - [08/Nov/2025 20:50:49] "[32mPOST /like/3 HTTP/1.1[0m" 302 -
2025-11-08 20:50:49,508 INFO: É^ÉCÉÄÉâÉCÉìÇï\é¶
2025-11-08 20:50:49,521 INFO: 127.0.0.1 - - [08/Nov/2025 20:50:49] "GET / HTTP/1.1" 200 -
2025-11-08 20:50:51,000 INFO: ÉÜÅ[ÉUÅ[ 2 Ç™ìäçe 2 Ç…Ç¢Ç¢ÇÀÇµÇ‹ÇµÇΩ
2025-11-08 20:50:51,000 INFO: 127.0.0.1 - - [08/Nov/2025 20:50:51] "[32mPOST /like/2 HTTP/1.1[0m" 302 -
2025-11-08 20:50:51,023 INFO: É^ÉCÉÄÉâÉCÉìÇï\é¶
2025-11-08 20:50:51,031 INFO: 127.0.0.1 - - [08/Nov/2025 20:50:51] "GET / HTTP/1.1" 200 -
2025-11-08 20:50:52,379 INFO: ÉÜÅ[ÉUÅ[ 2 Ç™ìäçe 1 Ç…Ç¢Ç¢ÇÀÇµÇ‹ÇµÇΩ
2025-11-08 20:50:52,379 INFO: 127.0.0.1 - - [08/Nov/2025 20:50:52] "[32mPOST /like/1 HTTP/1.1[0m" 302 -
2025-11-08 20:50:52,388 INFO: É^ÉCÉÄÉâÉCÉìÇï\é¶
2025-11-08 20:50:52,393 INFO: 127.0.0.1 - - [08/Nov/2025 20:50:52] "GET / HTTP/1.1" 200 -
2025-11-08 20:52:38,067 INFO: ÉÜÅ[ÉUÅ[ 2 Ç™ìäçe 2 ÇÃÇ¢Ç¢ÇÀÇâèúÇµÇ‹ÇµÇΩ
2025-11-08 20:52:38,067 INFO: 127.0.0.1 - - [08/Nov/2025 20:52:38] "[32mPOST /like/2 HTTP/1.1[0m" 302 -
2025-11-08 20:52:38,078 INFO: É^ÉCÉÄÉâÉCÉìÇï\é¶
2025-11-08 20:52:38,086 INFO: 127.0.0.1 - - [08/Nov/2025 20:52:38] "GET / HTTP/1.1" 200 -
2025-11-08 20:53:08,735 INFO: ÉçÉOÉAÉEÉgÇµÇ‹ÇµÇΩ
2025-11-08 20:53:08,735 INFO: 127.0.0.1 - - [08/Nov/2025 20:53:08] "[32mGET /logout HTTP/1.1[0m" 302 -
2025-11-08 20:53:08,830 INFO: 127.0.0.1 - - [08/Nov/2025 20:53:08] "GET /login HTTP/1.1" 200 -
2025-11-08 20:53:14,605 INFO: adminÇ™ÉçÉOÉCÉìÇµÇ‹ÇµÇΩ
2025-11-08 20:53:14,608 INFO: 127.0.0.1 - - [08/Nov/2025 20:53:14] "[32mPOST /login HTTP/1.1[0m" 302 -
2025-11-08 20:53:14,629 INFO: ÉÜÅ[ÉUÅ[àÍóóÉyÅ[ÉWÇ…ÉAÉNÉZÉX
2025-11-08 20:53:14,651 INFO: 127.0.0.1 - - [08/Nov/2025 20:53:14] "GET /users HTTP/1.1" 200 -
2025-11-08 20:53:14,686 INFO: 127.0.0.1 - - [08/Nov/2025 20:53:14] "[33mGET /static/uploads/ HTTP/1.1[0m" 404 -
2025-11-08 20:53:14,759 INFO: 127.0.0.1 - - [08/Nov/2025 20:53:14] "[36mGET /static/uploads/seaside_dog.jpg HTTP/1.1[0m" 304 -
2025-11-08 20:53:26,175 INFO: É^ÉCÉÄÉâÉCÉìÇï\é¶
2025-11-08 20:53:26,180 INFO: 127.0.0.1 - - [08/Nov/2025 20:53:26] "GET / HTTP/1.1" 200 -
2025-11-08 20:53:36,548 INFO: ÉÜÅ[ÉUÅ[ 1 Ç™ìäçe 3 Ç…Ç¢Ç¢ÇÀÇµÇ‹ÇµÇΩ
2025-11-08 20:53:36,549 INFO: 127.0.0.1 - - [08/Nov/2025 20:53:36] "[32mPOST /like/3 HTTP/1.1[0m" 302 -
2025-11-08 20:53:36,570 INFO: É^ÉCÉÄÉâÉCÉìÇï\é¶
2025-11-08 20:53:36,583 INFO: 127.0.0.1 - - [08/Nov/2025 20:53:36] "GET / HTTP/1.1" 200 -
2025-11-08 20:53:39,784 INFO: ÉÜÅ[ÉUÅ[ 1 Ç™ìäçe 2 Ç…Ç¢Ç¢ÇÀÇµÇ‹ÇµÇΩ
2025-11-08 20:53:39,785 INFO: 127.0.0.1 - - [08/Nov/2025 20:53:39] "[32mPOST /like/2 HTTP/1.1[0m" 302 -
2025-11-08 20:53:39,793 INFO: É^ÉCÉÄÉâÉCÉìÇï\é¶
2025-11-08 20:53:39,800 INFO: 127.0.0.1 - - [08/Nov/2025 20:53:39] "GET / HTTP/1.1" 200 -
2025-11-08 21:08:59,763 INFO: 127.0.0.1 - - [08/Nov/2025 21:08:59] "[31m[1mGET /like/1 HTTP/1.1[0m" 405 -
